[2025-09-29 03:24:44,765] DEBUG: DEBUG: if __name__ == "__main__" 블록 진입 (kpi_crawler.py)
[2025-09-29 03:24:44,766] DEBUG: DEBUG: main 함수 시작 (kpi_crawler.py)
[2025-09-29 03:24:44,766] DEBUG: DEBUG: 로그 파일 경로: c:\JAJE\materials-dashboard\crawler\kpi_crawler_debug.log
[2025-09-29 03:24:44,766] INFO: 크롤링 설정:
[2025-09-29 03:24:44,767] INFO:   - 모드: sub_only
[2025-09-29 03:24:44,767] INFO:   - 대분류: 전기자재
[2025-09-29 03:24:44,767] INFO:   - 중분류: 제어용케이블
[2025-09-29 03:24:44,767] INFO:   - 소분류: 절연난연시스알루미늄마일라테이프차폐제어케이블(FW-CVV-AMSㆍI/C AMS)
[2025-09-29 03:24:44,768] INFO:   - 시작 시점: 2020-01
[2025-09-29 03:24:44,768] INFO: ✓ === sub_only 모드: '절연난연시스알루미늄마일라테이프차폐제어케이블(FW-CVV-AMSㆍI/C AMS)' 소분류만 크롤링 ===
[2025-09-29 03:24:44,768] INFO: 소분류 '절연난연시스알루미늄마일라테이프차폐제어케이블(FW-CVV-AMSㆍI/C AMS)'를 찾았습니다: 전기자재 > 제어용케이블 > 절연난연시스알루미늄마일라테이프차폐제어케이블(FW-CVV-AMSㆍI/C AMS)
[2025-09-29 03:24:44,768] INFO: JSONC 포함 항목 캐싱 완료: 33개 소분류
[2025-09-29 03:24:44,768] INFO: 크롤러 초기화 - 크롤링 모드: sub_only
[2025-09-29 03:24:44,769] INFO:   타겟 대분류: 전기자재
[2025-09-29 03:24:44,769] INFO:   타겟 중분류: 제어용케이블
[2025-09-29 03:24:44,769] INFO:   타겟 소분류: 절연난연시스알루미늄마일라테이프차폐제어케이블(FW-CVV-AMSㆍI/C AMS)
[2025-09-29 03:24:44,769] INFO:   시작날짜: 2020-01
[2025-09-29 03:24:45,582] INFO: 기존 인증 상태 로드
[2025-09-29 03:24:45,941] INFO: 로그인 시도 1/3
[2025-09-29 03:24:50,833] INFO: 기존 로그인 세션 유효 (URL 기준)
[2025-09-29 03:24:50,846] INFO: 종합물가정보 카테고리 페이지로 이동합니다.
[2025-09-29 03:24:55,888] INFO: 팝업 닫기 처리 완료
[2025-09-29 03:24:55,940] INFO: Right Quick 메뉴를 숨겼습니다.
[2025-09-29 03:24:55,941] INFO: ✓ 카테고리 페이지 이동 완료
[2025-09-29 03:24:56,144] INFO: 대분류 '전기자재' 크롤링 시작...
[2025-09-29 03:24:57,613] INFO: 페이지 로딩을 위한 기본 대기 시간 적용 (10초)
[2025-09-29 03:25:07,630] INFO: openSub() 버튼을 클릭하여 모든 분류를 펼칩니다.
[2025-09-29 03:25:12,721] INFO: 중분류 요소들이 화면에 완전히 로드되었습니다.
[2025-09-29 03:25:12,736] INFO: 페이지 HTML 샘플 (part-ttl 관련): part-ttl">
							<a href="category.asp?CATE_CD=104501">
								절연전선
							</a>
						</div>
						<ul class="part-list">
							
							<li title="내열비닐절연전선(HIV)">
								<a href="detail.asp?CATE_CD=10450107">
									내열비닐절연전선(HIV)
								</a>
							</li>
							
							<li title="난연PVC절연접지용전선(F-GV)">
								<a href="detail.asp?CATE_CD=10450116">
									난연PVC절연접지용전선(F-GV)
								</a>
							</li>
							
							<li title="저독난연가교폴리올레핀절연전선(HFIX)">
								<a href="detail.asp?CATE_CD=10450123">
									저독난연가교폴리올레핀절연전선(HFIX)
								</a>
							</li>
							
							<li title="난연성폴리프렉스구출선(MLFC)">
								<a href="detail.asp?CATE_CD=10450130">
									난연성폴리프렉스구출선(MLFC)
								</a>
							</li>
							
							<li title="옥외용비닐절연전선(OW)">
								<a href="detail.asp?CATE_CD=10450111">
									옥외용비닐절연전선(OW)
								</a>
							</li>
							
							<li title="인입용비닐절연전선(DV)">
								<a href="detail.asp?CATE_CD=10450112">
									인입용비닐절연전선(DV)
								</a>
							</li>
							
						
[2025-09-29 03:25:12,751] INFO:   발견된 중분류 개수: 26
[2025-09-29 03:25:12,768] INFO:   발견된 중분류: '절연전선' (CATE_CD: category.asp?CATE_CD=104501)
[2025-09-29 03:25:12,783] INFO:   발견된 중분류: '전력케이블' (CATE_CD: category.asp?CATE_CD=104504)
[2025-09-29 03:25:12,796] INFO:   발견된 중분류: '제어용케이블' (CATE_CD: category.asp?CATE_CD=104507)
[2025-09-29 03:25:12,814] INFO:   발견된 중분류: '소방용케이블' (CATE_CD: category.asp?CATE_CD=104513)
[2025-09-29 03:25:12,831] INFO:   발견된 중분류: '통신용케이블' (CATE_CD: category.asp?CATE_CD=104516)
[2025-09-29 03:25:12,846] INFO:   발견된 중분류: '기타특수케이블' (CATE_CD: category.asp?CATE_CD=104587)
[2025-09-29 03:25:12,867] INFO:   발견된 중분류: '전선원부자재' (CATE_CD: category.asp?CATE_CD=104521)
[2025-09-29 03:25:12,885] INFO:   발견된 중분류: '전선관' (CATE_CD: category.asp?CATE_CD=104524)
[2025-09-29 03:25:12,899] INFO:   발견된 중분류: '전선관로재' (CATE_CD: category.asp?CATE_CD=104526)
[2025-09-29 03:25:12,913] INFO:   발견된 중분류: '전력기기' (CATE_CD: category.asp?CATE_CD=104530)
[2025-09-29 03:25:12,929] INFO:   발견된 중분류: '배전기기' (CATE_CD: category.asp?CATE_CD=104533)
[2025-09-29 03:25:12,945] INFO:   발견된 중분류: '절연재료' (CATE_CD: category.asp?CATE_CD=104569)
[2025-09-29 03:25:12,961] INFO:   발견된 중분류: '수ㆍ배전반' (CATE_CD: category.asp?CATE_CD=104539)
[2025-09-29 03:25:12,987] INFO:   발견된 중분류: '배전제어기기' (CATE_CD: category.asp?CATE_CD=104542)
[2025-09-29 03:25:13,004] INFO:   발견된 중분류: '자동화기기' (CATE_CD: category.asp?CATE_CD=104545)
[2025-09-29 03:25:13,018] INFO:   발견된 중분류: '계전기기' (CATE_CD: category.asp?CATE_CD=104548)
[2025-09-29 03:25:13,034] INFO:   발견된 중분류: '접지ㆍ피뢰자재' (CATE_CD: category.asp?CATE_CD=104551)
[2025-09-29 03:25:13,055] INFO:   발견된 중분류: '배선기구' (CATE_CD: category.asp?CATE_CD=104554)
[2025-09-29 03:25:13,074] INFO:   발견된 중분류: '조명기구' (CATE_CD: category.asp?CATE_CD=104557)
[2025-09-29 03:25:13,089] INFO:   발견된 중분류: '전등' (CATE_CD: category.asp?CATE_CD=104560)
[2025-09-29 03:25:13,104] INFO:   발견된 중분류: '안정기' (CATE_CD: category.asp?CATE_CD=104563)
[2025-09-29 03:25:13,118] INFO:   발견된 중분류: '전주' (CATE_CD: category.asp?CATE_CD=104566)
[2025-09-29 03:25:13,136] INFO:   발견된 중분류: '가선철물' (CATE_CD: category.asp?CATE_CD=104573)
[2025-09-29 03:25:13,152] INFO:   발견된 중분류: '교통신호장치' (CATE_CD: category.asp?CATE_CD=104577)
[2025-09-29 03:25:13,168] INFO:   발견된 중분류: '전광게시물' (CATE_CD: category.asp?CATE_CD=104580)
[2025-09-29 03:25:13,185] INFO:   발견된 중분류: '전지' (CATE_CD: category.asp?CATE_CD=104586)
[2025-09-29 03:25:13,185] INFO:   [SKIP] 타겟 중분류가 아님: '절연전선' 건너뜁니다.
[2025-09-29 03:25:13,186] INFO:   [SKIP] 타겟 중분류가 아님: '전력케이블' 건너뜁니다.
[2025-09-29 03:25:13,186] INFO:   중분류 '제어용케이블' 포함 (타겟 중분류 일치)
[2025-09-29 03:25:13,186] INFO:   중분류 '제어용케이블' 페이지로 이동: https://www.kpi.or.kr/www/price/category.asp?CATE_CD=104507
[2025-09-29 03:25:26,779] INFO:   페이지 HTML 길이: 145426 characters
[2025-09-29 03:25:26,784] INFO:   subcate-up div 내용 길이: 1208 characters
[2025-09-29 03:25:26,784] INFO:   subcate-up div 내용: 
						<ul>
                        
							
							<li title="절연저독성난연폴리올레핀시스제어용케이블(HFCCO)">
								<a href="detail.asp?CATE_CD=10450712" style="font-weight:normal;letter-spacing:-1px;">절연저독성난연폴리올레핀시...
[2025-09-29 03:25:26,788] INFO:     발견된 소분류 링크 개수: 6
[2025-09-29 03:25:26,797] INFO:     발견된 소분류: '절연저독성난연폴리올레핀시스제어용케이블(HFCCO)'
[2025-09-29 03:25:26,798] INFO:     링크: detail.asp?CATE_CD=10450712
[2025-09-29 03:25:26,809] INFO:     발견된 소분류: '절연저독성난연폴리올레핀시스차폐제어용케이블(HFCCO-SㆍSB)'
[2025-09-29 03:25:26,809] INFO:     링크: detail.asp?CATE_CD=10450713
[2025-09-29 03:25:26,819] INFO:     발견된 소분류: '절연저독성난연폴리올레핀시스알루미늄마일라테이프제어용케이블(HFCCO-AMSㆍI/C AMS)'
[2025-09-29 03:25:26,820] INFO:     링크: detail.asp?CATE_CD=10450714
[2025-09-29 03:25:26,832] INFO:     발견된 소분류: '절연난연시스제어케이블(FW-CVV)'
[2025-09-29 03:25:26,832] INFO:     링크: detail.asp?CATE_CD=10450707
[2025-09-29 03:25:26,844] INFO:     발견된 소분류: '절연난연시스제어차폐케이블(FW-CVV-SㆍSB)'
[2025-09-29 03:25:26,844] INFO:     링크: detail.asp?CATE_CD=10450708
[2025-09-29 03:25:26,852] INFO:     발견된 소분류: '절연난연시스알루미늄마일라테이프차폐제어케이블(FW-CVV-AMSㆍI/C AMS)'
[2025-09-29 03:25:26,852] INFO:     링크: detail.asp?CATE_CD=10450711
[2025-09-29 03:25:26,853] INFO:     중분류 '제어용케이블' - 발견된 소분류 개수: 6
[2025-09-29 03:25:26,853] INFO:     [DEBUG] 타겟 소분류: '절연난연시스알루미늄마일라테이프차폐제어케이블(FW-CVV-AMSㆍI/C AMS)' (길이: 43)
[2025-09-29 03:25:26,853] INFO:     [DEBUG] 타겟 소분류 바이트: b'\xec\xa0\x88\xec\x97\xb0\xeb\x82\x9c\xec\x97\xb0\xec\x8b\x9c\xec\x8a\xa4\xec\x95\x8c\xeb\xa3\xa8\xeb\xaf\xb8\xeb\x8a\x84\xeb\xa7\x88\xec\x9d\xbc\xeb\x9d\xbc\xed\x85\x8c\xec\x9d\xb4\xed\x94\x84\xec\xb0\xa8\xed\x8f\x90\xec\xa0\x9c\xec\x96\xb4\xec\xbc\x80\xec\x9d\xb4\xeb\xb8\x94(FW-CVV-AMS\xe3\x86\x8dI/C AMS)'
[2025-09-29 03:25:26,853] INFO:     [DEBUG] 타겟 소분류 정규화: '절연난연시스알루미늄마일라테이프차폐제어케이블(FW-CVV-AMSᆞI/C AMS)'
[2025-09-29 03:25:26,853] INFO:     [DEBUG] 웹사이트 소분류: '절연저독성난연폴리올레핀시스제어용케이블(HFCCO)' -> 정규화: '절연저독성난연폴리올레핀시스제어용케이블(HFCCO)'
[2025-09-29 03:25:26,853] INFO:     [DEBUG] 타겟 소분류 정규화 값: '절연난연시스알루미늄마일라테이프차폐제어케이블(FW-CVV-AMSᆞI/C AMS)'
[2025-09-29 03:25:26,854] INFO:     [DEBUG] 웹사이트 소분류 정규화 값: '절연저독성난연폴리올레핀시스제어용케이블(HFCCO)'
[2025-09-29 03:25:26,854] INFO:     [DEBUG] 정규화된 문자열 비교 결과: False
[2025-09-29 03:25:26,854] INFO:     [SKIP] 타겟 소분류가 아님 (괄호 포함): '절연저독성난연폴리올레핀시스제어용케이블(HFCCO)' 건너뜁니다.
[2025-09-29 03:25:26,855] INFO:     [DEBUG] 웹사이트 소분류: '절연저독성난연폴리올레핀시스차폐제어용케이블(HFCCO-SㆍSB)' -> 정규화: '절연저독성난연폴리올레핀시스차폐제어용케이블(HFCCO-SᆞSB)'
[2025-09-29 03:25:26,855] INFO:     [DEBUG] 타겟 소분류 정규화 값: '절연난연시스알루미늄마일라테이프차폐제어케이블(FW-CVV-AMSᆞI/C AMS)'
[2025-09-29 03:25:26,855] INFO:     [DEBUG] 웹사이트 소분류 정규화 값: '절연저독성난연폴리올레핀시스차폐제어용케이블(HFCCO-SᆞSB)'
[2025-09-29 03:25:26,855] INFO:     [DEBUG] 정규화된 문자열 비교 결과: False
[2025-09-29 03:25:26,855] INFO:     [SKIP] 타겟 소분류가 아님 (괄호 포함): '절연저독성난연폴리올레핀시스차폐제어용케이블(HFCCO-SㆍSB)' 건너뜁니다.
[2025-09-29 03:25:26,856] INFO:     [DEBUG] 웹사이트 소분류: '절연저독성난연폴리올레핀시스알루미늄마일라테이프제어용케이블(HFCCO-AMSㆍI/C AMS)' -> 정규화: '절연저독성난연폴리올레핀시스알루미늄마일라테이프제어용케이블(HFCCO-AMSᆞI/C AMS)'
[2025-09-29 03:25:26,856] INFO:     [DEBUG] 타겟 소분류 정규화 값: '절연난연시스알루미늄마일라테이프차폐제어케이블(FW-CVV-AMSᆞI/C AMS)'
[2025-09-29 03:25:26,856] INFO:     [DEBUG] 웹사이트 소분류 정규화 값: '절연저독성난연폴리올레핀시스알루미늄마일라테이프제어용케이블(HFCCO-AMSᆞI/C AMS)'
[2025-09-29 03:25:26,857] INFO:     [DEBUG] 정규화된 문자열 비교 결과: False
[2025-09-29 03:25:26,857] INFO:     [SKIP] 타겟 소분류가 아님 (괄호 포함): '절연저독성난연폴리올레핀시스알루미늄마일라테이프제어용케이블(HFCCO-AMSㆍI/C AMS)' 건너뜁니다.
[2025-09-29 03:25:26,857] INFO:     [DEBUG] 웹사이트 소분류: '절연난연시스제어케이블(FW-CVV)' -> 정규화: '절연난연시스제어케이블(FW-CVV)'
[2025-09-29 03:25:26,857] INFO:     [DEBUG] 타겟 소분류 정규화 값: '절연난연시스알루미늄마일라테이프차폐제어케이블(FW-CVV-AMSᆞI/C AMS)'
[2025-09-29 03:25:26,857] INFO:     [DEBUG] 웹사이트 소분류 정규화 값: '절연난연시스제어케이블(FW-CVV)'
[2025-09-29 03:25:26,858] INFO:     [DEBUG] 정규화된 문자열 비교 결과: False
[2025-09-29 03:25:26,858] INFO:     [SKIP] 타겟 소분류가 아님 (괄호 포함): '절연난연시스제어케이블(FW-CVV)' 건너뜁니다.
[2025-09-29 03:25:26,858] INFO:     [DEBUG] 웹사이트 소분류: '절연난연시스제어차폐케이블(FW-CVV-SㆍSB)' -> 정규화: '절연난연시스제어차폐케이블(FW-CVV-SᆞSB)'
[2025-09-29 03:25:26,858] INFO:     [DEBUG] 타겟 소분류 정규화 값: '절연난연시스알루미늄마일라테이프차폐제어케이블(FW-CVV-AMSᆞI/C AMS)'
[2025-09-29 03:25:26,858] INFO:     [DEBUG] 웹사이트 소분류 정규화 값: '절연난연시스제어차폐케이블(FW-CVV-SᆞSB)'
[2025-09-29 03:25:26,859] INFO:     [DEBUG] 정규화된 문자열 비교 결과: False
[2025-09-29 03:25:26,859] INFO:     [SKIP] 타겟 소분류가 아님 (괄호 포함): '절연난연시스제어차폐케이블(FW-CVV-SㆍSB)' 건너뜁니다.
[2025-09-29 03:25:26,859] INFO:     [DEBUG] 웹사이트 소분류: '절연난연시스알루미늄마일라테이프차폐제어케이블(FW-CVV-AMSㆍI/C AMS)' -> 정규화: '절연난연시스알루미늄마일라테이프차폐제어케이블(FW-CVV-AMSᆞI/C AMS)'
[2025-09-29 03:25:26,859] INFO:     [DEBUG] 타겟 소분류 정규화 값: '절연난연시스알루미늄마일라테이프차폐제어케이블(FW-CVV-AMSᆞI/C AMS)'
[2025-09-29 03:25:26,859] INFO:     [DEBUG] 웹사이트 소분류 정규화 값: '절연난연시스알루미늄마일라테이프차폐제어케이블(FW-CVV-AMSᆞI/C AMS)'
[2025-09-29 03:25:26,860] INFO:     [DEBUG] 정규화된 문자열 비교 결과: True
[2025-09-29 03:25:26,860] INFO:     [MATCH] 소분류 매칭 성공 (정확 일치): '절연난연시스알루미늄마일라테이프차폐제어케이블(FW-CVV-AMSㆍI/C AMS)'
[2025-09-29 03:25:26,860] INFO:     중분류 '제어용케이블': 1개 소분류를 병렬로 처리합니다.
[2025-09-29 03:25:26,860] INFO:   - 중분류 '제어용케이블' > 소분류 '절연난연시스알루미늄마일라테이프차폐제어케이블(FW-CVV-AMSㆍI/C AMS)' 데이터 수집 시작
[2025-09-29 03:25:26,903] INFO:     새 페이지 생성: 절연난연시스알루미늄마일라테이프차폐제어케이블(FW-CVV-AMSㆍI/C AMS)
[2025-09-29 03:25:30,255] INFO: [DEBUG] 대분류 '전기자재' 발견
[2025-09-29 03:25:30,255] INFO: [DEBUG] 중분류 '제어용케이블' 발견
[2025-09-29 03:25:30,255] INFO: [DEBUG] 중분류 데이터 키들: ['절연난연시스제어케이블(FW-CVV)', '절연난연시스제어차폐케이블(FW-CVV-SㆍSB)', '절연난연시스알루미늄마일라테이프차폐제어케이블(FW-CVV-AMSㆍI/C AMS)']
[2025-09-29 03:25:30,255] INFO: [DEBUG] 소분류 '절연난연시스알루미늄마일라테이프차폐제어케이블(FW-CVV-AMSㆍI/C AMS)' 정확 매칭 성공
[2025-09-29 03:25:30,255] INFO: JSONC 단위 정보 발견: 전기자재 > 제어용케이블 > 절연난연시스알루미늄마일라테이프차폐제어케이블(FW-CVV-AMSㆍI/C AMS) = m
[2025-09-29 03:25:30,255] INFO:     ✅ JSONC 파일에서 단위 추출: m
[2025-09-29 03:25:37,270] INFO:     ✅ 물가추이 보기 탭 클릭 성공 (셀렉터: a:has-text("물가추이 보기"))
[2025-09-29 03:25:40,380] DEBUG:     - 페이지에서 감지된 총 규격 옵션 수: 10
[2025-09-29 03:25:40,392] DEBUG:     - 규격 옵션 1: value='10011', name='FW-CVV-AMS -  1pair'
[2025-09-29 03:25:40,393] DEBUG:     - 유효한 규격으로 추가됨: FW-CVV-AMS -  1pair (value: 10011)
[2025-09-29 03:25:40,405] DEBUG:     - 규격 옵션 2: value='10021', name='FW-CVV-I/C AMS -  2pair'
[2025-09-29 03:25:40,405] DEBUG:     - 유효한 규격으로 추가됨: FW-CVV-I/C AMS -  2pair (value: 10021)
[2025-09-29 03:25:40,416] DEBUG:     - 규격 옵션 3: value='10031', name='FW-CVV-I/C AMS -  3pair'
[2025-09-29 03:25:40,416] DEBUG:     - 유효한 규격으로 추가됨: FW-CVV-I/C AMS -  3pair (value: 10031)
[2025-09-29 03:25:40,428] DEBUG:     - 규격 옵션 4: value='10041', name='FW-CVV-I/C AMS -  4pair'
[2025-09-29 03:25:40,428] DEBUG:     - 유효한 규격으로 추가됨: FW-CVV-I/C AMS -  4pair (value: 10041)
[2025-09-29 03:25:40,440] DEBUG:     - 규격 옵션 5: value='10051', name='FW-CVV-I/C AMS -  5pair'
[2025-09-29 03:25:40,441] DEBUG:     - 유효한 규격으로 추가됨: FW-CVV-I/C AMS -  5pair (value: 10051)
[2025-09-29 03:25:40,452] DEBUG:     - 규격 옵션 6: value='10061', name='FW-CVV-I/C AMS -  10pair'
[2025-09-29 03:25:40,452] DEBUG:     - 유효한 규격으로 추가됨: FW-CVV-I/C AMS -  10pair (value: 10061)
[2025-09-29 03:25:40,483] DEBUG:     - 규격 옵션 7: value='10071', name='FW-CVV-I/C AMS -  15pair'
[2025-09-29 03:25:40,483] DEBUG:     - 유효한 규격으로 추가됨: FW-CVV-I/C AMS -  15pair (value: 10071)
[2025-09-29 03:25:40,498] DEBUG:     - 규격 옵션 8: value='10081', name='FW-CVV-I/C AMS -  20pair'
[2025-09-29 03:25:40,498] DEBUG:     - 유효한 규격으로 추가됨: FW-CVV-I/C AMS -  20pair (value: 10081)
[2025-09-29 03:25:40,509] DEBUG:     - 규격 옵션 9: value='10091', name='FW-CVV-I/C AMS -  25pair'
[2025-09-29 03:25:40,510] DEBUG:     - 유효한 규격으로 추가됨: FW-CVV-I/C AMS -  25pair (value: 10091)
[2025-09-29 03:25:40,519] DEBUG:     - 규격 옵션 10: value='10101', name='FW-CVV-I/C AMS -  30pair'
[2025-09-29 03:25:40,519] DEBUG:     - 유효한 규격으로 추가됨: FW-CVV-I/C AMS -  30pair (value: 10101)
[2025-09-29 03:25:40,519] DEBUG:     - 최종 유효 규격 목록: ['FW-CVV-AMS -  1pair', 'FW-CVV-I/C AMS -  2pair', 'FW-CVV-I/C AMS -  3pair', 'FW-CVV-I/C AMS -  4pair', 'FW-CVV-I/C AMS -  5pair', 'FW-CVV-I/C AMS -  10pair', 'FW-CVV-I/C AMS -  15pair', 'FW-CVV-I/C AMS -  20pair', 'FW-CVV-I/C AMS -  25pair', 'FW-CVV-I/C AMS -  30pair']
[2025-09-29 03:25:40,519] DEBUG:     - 최종 유효 규격 수: 10
[2025-09-29 03:25:40,519] INFO:     - 총 10개 유효한 규격을 최적화된 순차 처리로 진행합니다.
[2025-09-29 03:25:40,519] DEBUG:     - 규격 목록: ['FW-CVV-AMS -  1pair', 'FW-CVV-I/C AMS -  2pair', 'FW-CVV-I/C AMS -  3pair', 'FW-CVV-I/C AMS -  4pair', 'FW-CVV-I/C AMS -  5pair', 'FW-CVV-I/C AMS -  10pair', 'FW-CVV-I/C AMS -  15pair', 'FW-CVV-I/C AMS -  20pair', 'FW-CVV-I/C AMS -  25pair', 'FW-CVV-I/C AMS -  30pair']
[2025-09-29 03:25:40,519] INFO:       단위: m
[2025-09-29 03:25:40,519] DEBUG:       _process_specs_optimized 시작 - 처리할 규격 수: 10
[2025-09-29 03:25:40,519] INFO:       - 규격 1/10: 'FW-CVV-AMS -  1pair' 조회 중...
[2025-09-29 03:25:40,520] DEBUG:       - 규격 상세정보: value='10011', name='FW-CVV-AMS -  1pair'
[2025-09-29 03:25:41,879] INFO:         - 기존 데이터 없음: 전체 추출 필요
[2025-09-29 03:25:41,879] DEBUG:       - 기존 데이터 확인 완료: 0개 날짜
[2025-09-29 03:25:41,879] DEBUG:       - 규격 선택 시도: #ITEM_SPEC_CD -> 10011
[2025-09-29 03:25:42,910] DEBUG:       - 규격 선택 성공 (시도 1/3)
[2025-09-29 03:25:42,910] DEBUG:       - 규격 선택 완료 및 페이지 로딩 대기 완료
[2025-09-29 03:25:42,910] DEBUG:       - 첫 번째 규격이므로 기간 설정 진행
[2025-09-29 03:25:43,115] INFO:         - 기간 설정 완료: 2020.01 ~ 2025.10
[2025-09-29 03:25:44,490] INFO:       - 자재: 'FW-CVV-AMS -  1pair' | 단위: m
[2025-09-29 03:25:44,556] INFO: 'FW-CVV-AMS -  1pair' (spec_name형): 발견된 상세규격들: ['1.5㎟', '2.5㎟']
[2025-09-29 03:25:44,575] INFO:         - 날짜 헤더 변환 예시: 2020.01 -> 2020-01-01
[2025-09-29 03:25:45,047] INFO: 진행: 50개 추출됨
[2025-09-29 03:25:45,500] INFO: 진행: 100개 추출됨
[2025-09-29 03:25:45,887] INFO: ✓ 'FW-CVV-AMS -  1pair' (spec_name형): 140개 완료
[2025-09-29 03:25:45,888] DEBUG:       - 규격 'FW-CVV-AMS -  1pair' 처리 완료 ✓
[2025-09-29 03:25:45,888] INFO:       - 규격 2/10: 'FW-CVV-I/C AMS -  2pair' 조회 중...
[2025-09-29 03:25:45,888] DEBUG:       - 규격 상세정보: value='10021', name='FW-CVV-I/C AMS -  2pair'
[2025-09-29 03:25:46,073] INFO:         - 기존 데이터 없음: 전체 추출 필요
[2025-09-29 03:25:46,073] DEBUG:       - 기존 데이터 확인 완료: 0개 날짜
[2025-09-29 03:25:46,073] DEBUG:       - 규격 선택 시도: #ITEM_SPEC_CD -> 10021
[2025-09-29 03:25:47,098] DEBUG:       - 규격 선택 성공 (시도 1/3)
[2025-09-29 03:25:47,098] DEBUG:       - 규격 선택 완료 및 페이지 로딩 대기 완료
[2025-09-29 03:25:48,333] INFO:       - 자재: 'FW-CVV-I/C AMS -  2pair' | 단위: m
[2025-09-29 03:25:48,393] INFO: 'FW-CVV-I/C AMS -  2pair' (spec_name형): 발견된 상세규격들: ['1.5㎟', '2.5㎟']
[2025-09-29 03:25:48,830] INFO: 진행: 50개 추출됨
[2025-09-29 03:25:49,240] INFO: 진행: 100개 추출됨
[2025-09-29 03:25:49,545] INFO: ✓ 'FW-CVV-I/C AMS -  2pair' (spec_name형): 140개 완료
[2025-09-29 03:25:49,545] DEBUG:       - 규격 'FW-CVV-I/C AMS -  2pair' 처리 완료 ✓
[2025-09-29 03:25:49,545] INFO:       - 규격 3/10: 'FW-CVV-I/C AMS -  3pair' 조회 중...
[2025-09-29 03:25:49,546] DEBUG:       - 규격 상세정보: value='10031', name='FW-CVV-I/C AMS -  3pair'
[2025-09-29 03:25:49,728] INFO:         - 기존 데이터 없음: 전체 추출 필요
[2025-09-29 03:25:49,728] DEBUG:       - 기존 데이터 확인 완료: 0개 날짜
[2025-09-29 03:25:49,728] DEBUG:       - 규격 선택 시도: #ITEM_SPEC_CD -> 10031
[2025-09-29 03:25:50,754] DEBUG:       - 규격 선택 성공 (시도 1/3)
[2025-09-29 03:25:50,755] DEBUG:       - 규격 선택 완료 및 페이지 로딩 대기 완료
[2025-09-29 03:25:51,960] INFO:       - 자재: 'FW-CVV-I/C AMS -  3pair' | 단위: m
[2025-09-29 03:25:52,012] INFO: 'FW-CVV-I/C AMS -  3pair' (spec_name형): 발견된 상세규격들: ['1.5㎟', '2.5㎟']
[2025-09-29 03:25:52,470] INFO: 진행: 50개 추출됨
[2025-09-29 03:25:52,859] INFO: 진행: 100개 추출됨
[2025-09-29 03:25:53,160] INFO: ✓ 'FW-CVV-I/C AMS -  3pair' (spec_name형): 140개 완료
[2025-09-29 03:25:53,161] DEBUG:       - 규격 'FW-CVV-I/C AMS -  3pair' 처리 완료 ✓
[2025-09-29 03:25:53,161] INFO:       - 규격 4/10: 'FW-CVV-I/C AMS -  4pair' 조회 중...
[2025-09-29 03:25:53,161] DEBUG:       - 규격 상세정보: value='10041', name='FW-CVV-I/C AMS -  4pair'
[2025-09-29 03:25:53,409] INFO:         - 기존 데이터 없음: 전체 추출 필요
[2025-09-29 03:25:53,409] DEBUG:       - 기존 데이터 확인 완료: 0개 날짜
[2025-09-29 03:25:53,409] DEBUG:       - 규격 선택 시도: #ITEM_SPEC_CD -> 10041
[2025-09-29 03:25:54,443] DEBUG:       - 규격 선택 성공 (시도 1/3)
[2025-09-29 03:25:54,443] DEBUG:       - 규격 선택 완료 및 페이지 로딩 대기 완료
[2025-09-29 03:25:55,611] INFO:       - 자재: 'FW-CVV-I/C AMS -  4pair' | 단위: m
[2025-09-29 03:25:55,651] INFO: 'FW-CVV-I/C AMS -  4pair' (spec_name형): 발견된 상세규격들: ['1.5㎟', '2.5㎟']
[2025-09-29 03:25:56,092] INFO: 진행: 50개 추출됨
[2025-09-29 03:25:56,487] INFO: 진행: 100개 추출됨
[2025-09-29 03:25:56,781] INFO: ✓ 'FW-CVV-I/C AMS -  4pair' (spec_name형): 140개 완료
[2025-09-29 03:25:56,781] DEBUG:       - 규격 'FW-CVV-I/C AMS -  4pair' 처리 완료 ✓
[2025-09-29 03:25:56,781] INFO:       - 규격 5/10: 'FW-CVV-I/C AMS -  5pair' 조회 중...
[2025-09-29 03:25:56,781] DEBUG:       - 규격 상세정보: value='10051', name='FW-CVV-I/C AMS -  5pair'
[2025-09-29 03:25:57,017] INFO:         - 기존 데이터 없음: 전체 추출 필요
[2025-09-29 03:25:57,017] DEBUG:       - 기존 데이터 확인 완료: 0개 날짜
[2025-09-29 03:25:57,017] DEBUG:       - 규격 선택 시도: #ITEM_SPEC_CD -> 10051
[2025-09-29 03:25:58,042] DEBUG:       - 규격 선택 성공 (시도 1/3)
[2025-09-29 03:25:58,042] DEBUG:       - 규격 선택 완료 및 페이지 로딩 대기 완료
[2025-09-29 03:25:59,241] INFO:       - 자재: 'FW-CVV-I/C AMS -  5pair' | 단위: m
[2025-09-29 03:25:59,285] INFO: 'FW-CVV-I/C AMS -  5pair' (spec_name형): 발견된 상세규격들: ['1.5㎟', '2.5㎟']
[2025-09-29 03:25:59,699] INFO: 진행: 50개 추출됨
[2025-09-29 03:26:00,085] INFO: 진행: 100개 추출됨
[2025-09-29 03:26:00,396] INFO: ✓ 'FW-CVV-I/C AMS -  5pair' (spec_name형): 140개 완료
[2025-09-29 03:26:00,396] DEBUG:       - 규격 'FW-CVV-I/C AMS -  5pair' 처리 완료 ✓
[2025-09-29 03:26:00,396] INFO:       - 규격 6/10: 'FW-CVV-I/C AMS -  10pair' 조회 중...
[2025-09-29 03:26:00,396] DEBUG:       - 규격 상세정보: value='10061', name='FW-CVV-I/C AMS -  10pair'
[2025-09-29 03:26:00,643] INFO:         - 기존 데이터 없음: 전체 추출 필요
[2025-09-29 03:26:00,643] DEBUG:       - 기존 데이터 확인 완료: 0개 날짜
[2025-09-29 03:26:00,643] DEBUG:       - 규격 선택 시도: #ITEM_SPEC_CD -> 10061
[2025-09-29 03:26:01,682] DEBUG:       - 규격 선택 성공 (시도 1/3)
[2025-09-29 03:26:01,682] DEBUG:       - 규격 선택 완료 및 페이지 로딩 대기 완료
[2025-09-29 03:26:02,883] INFO:       - 자재: 'FW-CVV-I/C AMS -  10pair' | 단위: m
[2025-09-29 03:26:02,934] INFO: 'FW-CVV-I/C AMS -  10pair' (spec_name형): 발견된 상세규격들: ['1.5㎟', '2.5㎟']
[2025-09-29 03:26:03,368] INFO: 진행: 50개 추출됨
[2025-09-29 03:26:03,763] INFO: 진행: 100개 추출됨
[2025-09-29 03:26:04,068] INFO: ✓ 'FW-CVV-I/C AMS -  10pair' (spec_name형): 140개 완료
[2025-09-29 03:26:04,069] DEBUG:       - 규격 'FW-CVV-I/C AMS -  10pair' 처리 완료 ✓
[2025-09-29 03:26:04,069] INFO:       - 규격 7/10: 'FW-CVV-I/C AMS -  15pair' 조회 중...
[2025-09-29 03:26:04,069] DEBUG:       - 규격 상세정보: value='10071', name='FW-CVV-I/C AMS -  15pair'
[2025-09-29 03:26:04,264] INFO:         - 기존 데이터 없음: 전체 추출 필요
[2025-09-29 03:26:04,264] DEBUG:       - 기존 데이터 확인 완료: 0개 날짜
[2025-09-29 03:26:04,264] DEBUG:       - 규격 선택 시도: #ITEM_SPEC_CD -> 10071
[2025-09-29 03:26:05,287] DEBUG:       - 규격 선택 성공 (시도 1/3)
[2025-09-29 03:26:05,287] DEBUG:       - 규격 선택 완료 및 페이지 로딩 대기 완료
[2025-09-29 03:26:06,502] INFO:       - 자재: 'FW-CVV-I/C AMS -  15pair' | 단위: m
[2025-09-29 03:26:06,551] INFO: 'FW-CVV-I/C AMS -  15pair' (spec_name형): 발견된 상세규격들: ['1.5㎟', '2.5㎟']
[2025-09-29 03:26:07,016] INFO: 진행: 50개 추출됨
[2025-09-29 03:26:07,470] INFO: 진행: 100개 추출됨
[2025-09-29 03:26:07,819] INFO: ✓ 'FW-CVV-I/C AMS -  15pair' (spec_name형): 140개 완료
[2025-09-29 03:26:07,819] DEBUG:       - 규격 'FW-CVV-I/C AMS -  15pair' 처리 완료 ✓
[2025-09-29 03:26:07,819] INFO:       - 규격 8/10: 'FW-CVV-I/C AMS -  20pair' 조회 중...
[2025-09-29 03:26:07,820] DEBUG:       - 규격 상세정보: value='10081', name='FW-CVV-I/C AMS -  20pair'
[2025-09-29 03:26:08,017] INFO:         - 기존 데이터 없음: 전체 추출 필요
[2025-09-29 03:26:08,017] DEBUG:       - 기존 데이터 확인 완료: 0개 날짜
[2025-09-29 03:26:08,017] DEBUG:       - 규격 선택 시도: #ITEM_SPEC_CD -> 10081
[2025-09-29 03:26:09,045] DEBUG:       - 규격 선택 성공 (시도 1/3)
[2025-09-29 03:26:09,045] DEBUG:       - 규격 선택 완료 및 페이지 로딩 대기 완료
[2025-09-29 03:26:10,361] INFO:       - 자재: 'FW-CVV-I/C AMS -  20pair' | 단위: m
[2025-09-29 03:26:10,409] INFO: 'FW-CVV-I/C AMS -  20pair' (spec_name형): 발견된 상세규격들: ['1.5㎟', '2.5㎟']
[2025-09-29 03:26:10,876] INFO: 진행: 50개 추출됨
[2025-09-29 03:26:11,278] INFO: 진행: 100개 추출됨
[2025-09-29 03:26:11,619] INFO: ✓ 'FW-CVV-I/C AMS -  20pair' (spec_name형): 140개 완료
[2025-09-29 03:26:11,619] DEBUG:       - 규격 'FW-CVV-I/C AMS -  20pair' 처리 완료 ✓
[2025-09-29 03:26:11,619] INFO:       - 규격 9/10: 'FW-CVV-I/C AMS -  25pair' 조회 중...
[2025-09-29 03:26:11,619] DEBUG:       - 규격 상세정보: value='10091', name='FW-CVV-I/C AMS -  25pair'
[2025-09-29 03:26:11,758] INFO:         - 기존 데이터 없음: 전체 추출 필요
[2025-09-29 03:26:11,759] DEBUG:       - 기존 데이터 확인 완료: 0개 날짜
[2025-09-29 03:26:11,759] DEBUG:       - 규격 선택 시도: #ITEM_SPEC_CD -> 10091
[2025-09-29 03:26:12,788] DEBUG:       - 규격 선택 성공 (시도 1/3)
[2025-09-29 03:26:12,788] DEBUG:       - 규격 선택 완료 및 페이지 로딩 대기 완료
[2025-09-29 03:26:14,173] INFO:       - 자재: 'FW-CVV-I/C AMS -  25pair' | 단위: m
[2025-09-29 03:26:14,226] INFO: 'FW-CVV-I/C AMS -  25pair' (spec_name형): 발견된 상세규격들: ['1.5㎟', '2.5㎟']
[2025-09-29 03:26:14,724] INFO: 진행: 50개 추출됨
[2025-09-29 03:26:15,115] INFO: 진행: 100개 추출됨
[2025-09-29 03:26:15,424] INFO: ✓ 'FW-CVV-I/C AMS -  25pair' (spec_name형): 140개 완료
[2025-09-29 03:26:15,424] DEBUG:       - 규격 'FW-CVV-I/C AMS -  25pair' 처리 완료 ✓
[2025-09-29 03:26:15,424] INFO:       - 규격 10/10: 'FW-CVV-I/C AMS -  30pair' 조회 중...
[2025-09-29 03:26:15,425] DEBUG:       - 규격 상세정보: value='10101', name='FW-CVV-I/C AMS -  30pair'
[2025-09-29 03:26:15,552] INFO:         - 기존 데이터 없음: 전체 추출 필요
[2025-09-29 03:26:15,552] DEBUG:       - 기존 데이터 확인 완료: 0개 날짜
[2025-09-29 03:26:15,552] DEBUG:       - 규격 선택 시도: #ITEM_SPEC_CD -> 10101
[2025-09-29 03:26:16,586] DEBUG:       - 규격 선택 성공 (시도 1/3)
[2025-09-29 03:26:16,587] DEBUG:       - 규격 선택 완료 및 페이지 로딩 대기 완료
[2025-09-29 03:26:17,974] INFO:       - 자재: 'FW-CVV-I/C AMS -  30pair' | 단위: m
[2025-09-29 03:26:18,032] INFO: 'FW-CVV-I/C AMS -  30pair' (spec_name형): 발견된 상세규격들: ['1.5㎟', '2.5㎟']
[2025-09-29 03:26:18,545] INFO: 진행: 50개 추출됨
[2025-09-29 03:26:18,906] INFO: 진행: 100개 추출됨
[2025-09-29 03:26:19,229] INFO: ✓ 'FW-CVV-I/C AMS -  30pair' (spec_name형): 140개 완료
[2025-09-29 03:26:19,229] DEBUG:       - 규격 'FW-CVV-I/C AMS -  30pair' 처리 완료 ✓
[2025-09-29 03:26:19,229] INFO:       규격 처리 완료 - 총 10개 중 성공: 10개, 실패: 0개
[2025-09-29 03:26:19,229] INFO:   - '절연난연시스알루미늄마일라테이프차폐제어케이블(FW-CVV-AMSㆍI/C AMS)' 데이터 수집 완료 (총 1400개 규격)
[2025-09-29 03:26:19,230] INFO:   - 소분류 '절연난연시스알루미늄마일라테이프차폐제어케이블(FW-CVV-AMSㆍI/C AMS)' 데이터 처리 및 저장 시작
[2025-09-29 03:26:19,248] INFO: 📊 저장 시도: 1400개 데이터 → 'kpi_price_data' 테이블
[2025-09-29 03:26:19,252] INFO: ✅ 유효성 검증 완료: 1400개
[2025-09-29 03:26:19,253] INFO: 🔍 카테고리 처리: 전기자재 > 제어용케이블 > 절연난연시스알루미늄마일라테이프차폐제어케이블(FW-CVV-AMSㆍI/C AMS) (1400개)
[2025-09-29 03:26:19,254] INFO: 🔍 배치 중복 검사: 전체 소분류 데이터 조회 시작
[2025-09-29 03:26:19,507] INFO:     📅 날짜 범위 필터: 2020-01-01 ~ 2025-10-01
[2025-09-29 03:26:19,925] INFO: 📭 기존 데이터 없음: 전체 신규 데이터로 처리
[2025-09-29 03:26:19,926] INFO: 🔄 메모리 기반 중복 필터링 시작: 1400개 데이터 처리
[2025-09-29 03:26:19,927] INFO: ✅ 중복 필터링 완료:
[2025-09-29 03:26:19,927] INFO:     🗑️  중복 제거: 0개
[2025-09-29 03:26:19,928] INFO:     ✨ 신규 데이터: 1400개
[2025-09-29 03:26:21,240] INFO:     ✅ 청크 1: 1000개 저장 완료
[2025-09-29 03:26:21,470] INFO:     ✅ 청크 2: 400개 저장 완료
[2025-09-29 03:26:21,470] INFO:     📊 카테고리 저장 완료: 1400개
[2025-09-29 03:26:21,471] INFO: 🎉 최적화된 배치 저장 완료: 총 1400개 데이터
[2025-09-29 03:26:21,471] INFO: ✅ 저장 완료: 1400개 데이터
[2025-09-29 03:26:21,471] INFO:   ✅ '절연난연시스알루미늄마일라테이프차폐제어케이블(FW-CVV-AMSㆍI/C AMS)' 완료: 1400개 데이터 → Supabase 저장 1400개 성공
[2025-09-29 03:26:21,510] INFO:     페이지 닫기 완료: 절연난연시스알루미늄마일라테이프차폐제어케이블(FW-CVV-AMSㆍI/C AMS)
[2025-09-29 03:26:21,510] INFO:     중분류 '제어용케이블' 완료: 1/1개 성공, 0개 실패
[2025-09-29 03:26:21,510] INFO:     중분류 '제어용케이블' 완료: 1/1개 성공
[2025-09-29 03:26:21,510] INFO:   [SKIP] 타겟 중분류가 아님: '소방용케이블' 건너뜁니다.
[2025-09-29 03:26:21,510] INFO:   [SKIP] 타겟 중분류가 아님: '통신용케이블' 건너뜁니다.
[2025-09-29 03:26:21,511] INFO:   [SKIP] 타겟 중분류가 아님: '기타특수케이블' 건너뜁니다.
[2025-09-29 03:26:21,511] INFO:   [SKIP] 타겟 중분류가 아님: '전선원부자재' 건너뜁니다.
[2025-09-29 03:26:21,511] INFO:   [SKIP] 타겟 중분류가 아님: '전선관' 건너뜁니다.
[2025-09-29 03:26:21,511] INFO:   [SKIP] 타겟 중분류가 아님: '전선관로재' 건너뜁니다.
[2025-09-29 03:26:21,511] INFO:   [SKIP] 타겟 중분류가 아님: '전력기기' 건너뜁니다.
[2025-09-29 03:26:21,511] INFO:   [SKIP] 타겟 중분류가 아님: '배전기기' 건너뜁니다.
[2025-09-29 03:26:21,512] INFO:   [SKIP] 타겟 중분류가 아님: '절연재료' 건너뜁니다.
[2025-09-29 03:26:21,512] INFO:   [SKIP] 타겟 중분류가 아님: '수ㆍ배전반' 건너뜁니다.
[2025-09-29 03:26:21,512] INFO:   [SKIP] 타겟 중분류가 아님: '배전제어기기' 건너뜁니다.
[2025-09-29 03:26:21,512] INFO:   [SKIP] 타겟 중분류가 아님: '자동화기기' 건너뜁니다.
[2025-09-29 03:26:21,512] INFO:   [SKIP] 타겟 중분류가 아님: '계전기기' 건너뜁니다.
[2025-09-29 03:26:21,513] INFO:   [SKIP] 타겟 중분류가 아님: '접지ㆍ피뢰자재' 건너뜁니다.
[2025-09-29 03:26:21,513] INFO:   [SKIP] 타겟 중분류가 아님: '배선기구' 건너뜁니다.
[2025-09-29 03:26:21,513] INFO:   [SKIP] 타겟 중분류가 아님: '조명기구' 건너뜁니다.
[2025-09-29 03:26:21,513] INFO:   [SKIP] 타겟 중분류가 아님: '전등' 건너뜁니다.
[2025-09-29 03:26:21,514] INFO:   [SKIP] 타겟 중분류가 아님: '안정기' 건너뜁니다.
[2025-09-29 03:26:21,514] INFO:   [SKIP] 타겟 중분류가 아님: '전주' 건너뜁니다.
[2025-09-29 03:26:21,514] INFO:   [SKIP] 타겟 중분류가 아님: '가선철물' 건너뜁니다.
[2025-09-29 03:26:21,514] INFO:   [SKIP] 타겟 중분류가 아님: '교통신호장치' 건너뜁니다.
[2025-09-29 03:26:21,514] INFO:   [SKIP] 타겟 중분류가 아님: '전광게시물' 건너뜁니다.
[2025-09-29 03:26:21,515] INFO:   [SKIP] 타겟 중분류가 아님: '전지' 건너뜁니다.
[2025-09-29 03:26:21,515] INFO: 
=== 최종 배치 처리: 1개 소분류 ===

[2025-09-29 03:26:21,515] INFO: 
=== 배치 처리 시작: 1개 소분류 ===

[2025-09-29 03:26:21,515] INFO:   - 절연난연시스알루미늄마일라테이프차폐제어케이블(FW-CVV-AMSㆍI/C AMS): 처리할 데이터 없음 (원인 미상)
[2025-09-29 03:26:21,515] INFO: 
=== 배치 처리 완료: pandas 가공 0개, supabase 저장 0개 ===

[2025-09-29 03:26:21,516] INFO: 
🟢 === 크롤링 완료: 총 1개 소분류 처리됨 === 🟢

[2025-09-29 03:26:21,709] INFO: ✓ 🟢 sub_only 모드 크롤링 완료
[2025-09-29 03:36:05,813] DEBUG: DEBUG: if __name__ == "__main__" 블록 진입 (kpi_crawler.py)
[2025-09-29 03:36:05,814] DEBUG: DEBUG: main 함수 시작 (kpi_crawler.py)
[2025-09-29 03:36:05,814] DEBUG: DEBUG: 로그 파일 경로: c:\JAJE\materials-dashboard\crawler\kpi_crawler_debug.log
[2025-09-29 03:36:05,814] INFO: 크롤링 설정:
[2025-09-29 03:36:05,815] INFO:   - 모드: sub_only
[2025-09-29 03:36:05,815] INFO:   - 대분류: 전기자재
[2025-09-29 03:36:05,815] INFO:   - 중분류: 케이블류
[2025-09-29 03:36:05,815] INFO:   - 소분류: 원인단심케이블(FW-CVV-AMS - I/C AMS)
[2025-09-29 03:36:05,815] INFO:   - 시작 시점: 2020-01
[2025-09-29 03:36:05,816] INFO: ✓ === sub_only 모드: '원인단심케이블(FW-CVV-AMS - I/C AMS)' 소분류만 크롤링 ===
[2025-09-29 03:36:05,816] ERROR: ✗ ❌ 소분류 '원인단심케이블(FW-CVV-AMS - I/C AMS)'를 JSONC 파일에서 찾을 수 없습니다.
[2025-09-29 03:36:19,920] DEBUG: DEBUG: if __name__ == "__main__" 블록 진입 (kpi_crawler.py)
[2025-09-29 03:36:19,922] DEBUG: DEBUG: main 함수 시작 (kpi_crawler.py)
[2025-09-29 03:36:19,922] DEBUG: DEBUG: 로그 파일 경로: c:\JAJE\materials-dashboard\crawler\kpi_crawler_debug.log
[2025-09-29 03:36:19,922] INFO: 크롤링 설정:
[2025-09-29 03:36:19,922] INFO:   - 모드: all
[2025-09-29 03:36:19,922] INFO:   - 대분류: 전기자재
[2025-09-29 03:36:19,922] INFO:   - 중분류: 케이블류
[2025-09-29 03:36:19,922] INFO:   - 소분류: None
[2025-09-29 03:36:19,923] INFO:   - 시작 시점: 2020-01
[2025-09-29 03:36:19,923] INFO: ✓ === all 모드 크롤링 시작 ===
[2025-09-29 03:36:19,923] INFO: JSONC 포함 항목 캐싱 완료: 33개 소분류
[2025-09-29 03:36:19,923] INFO: 크롤러 초기화 - 크롤링 모드: all
[2025-09-29 03:36:19,923] INFO:   타겟 대분류: 전기자재
[2025-09-29 03:36:19,923] INFO:   타겟 중분류: 케이블류
[2025-09-29 03:36:19,924] INFO:   타겟 소분류: None
[2025-09-29 03:36:19,924] INFO:   시작날짜: 2020-01
[2025-09-29 03:36:20,669] INFO: 기존 인증 상태 로드
[2025-09-29 03:36:21,042] INFO: 로그인 시도 1/3
[2025-09-29 03:36:26,045] INFO: 기존 로그인 세션 유효 (URL 기준)
[2025-09-29 03:36:26,057] INFO: 종합물가정보 카테고리 페이지로 이동합니다.
[2025-09-29 03:36:31,662] INFO: 팝업 닫기 처리 완료
[2025-09-29 03:36:31,712] INFO: Right Quick 메뉴를 숨겼습니다.
[2025-09-29 03:36:31,712] INFO: ✓ 카테고리 페이지 이동 완료
[2025-09-29 03:36:31,887] INFO: 대분류 '전기자재' 크롤링 시작...
[2025-09-29 03:36:32,839] INFO: 페이지 로딩을 위한 기본 대기 시간 적용 (10초)
[2025-09-29 03:37:01,343] DEBUG: DEBUG: if __name__ == "__main__" 블록 진입 (kpi_crawler.py)
[2025-09-29 03:37:01,344] DEBUG: DEBUG: main 함수 시작 (kpi_crawler.py)
[2025-09-29 03:37:01,344] DEBUG: DEBUG: 로그 파일 경로: c:\JAJE\materials-dashboard\crawler\kpi_crawler_debug.log
[2025-09-29 03:37:01,344] INFO: 크롤링 설정:
[2025-09-29 03:37:01,344] INFO:   - 모드: sub_only
[2025-09-29 03:37:01,345] INFO:   - 대분류: 전기자재
[2025-09-29 03:37:01,345] INFO:   - 중분류: 제어용케이블
[2025-09-29 03:37:01,345] INFO:   - 소분류: 절연난연시스알루미늄마일라테이프차폐제어케이블(FW-CVV-AMSㆍI/C AMS)
[2025-09-29 03:37:01,345] INFO:   - 시작 시점: 2020-01
[2025-09-29 03:37:01,345] INFO: ✓ === sub_only 모드: '절연난연시스알루미늄마일라테이프차폐제어케이블(FW-CVV-AMSㆍI/C AMS)' 소분류만 크롤링 ===
[2025-09-29 03:37:01,345] INFO: 소분류 '절연난연시스알루미늄마일라테이프차폐제어케이블(FW-CVV-AMSㆍI/C AMS)'를 찾았습니다: 전기자재 > 제어용케이블 > 절연난연시스알루미늄마일라테이프차폐제어케이블(FW-CVV-AMSㆍI/C AMS)
[2025-09-29 03:37:01,345] INFO: JSONC 포함 항목 캐싱 완료: 33개 소분류
[2025-09-29 03:37:01,346] INFO: 크롤러 초기화 - 크롤링 모드: sub_only
[2025-09-29 03:37:01,346] INFO:   타겟 대분류: 전기자재
[2025-09-29 03:37:01,346] INFO:   타겟 중분류: 제어용케이블
[2025-09-29 03:37:01,346] INFO:   타겟 소분류: 절연난연시스알루미늄마일라테이프차폐제어케이블(FW-CVV-AMSㆍI/C AMS)
[2025-09-29 03:37:01,347] INFO:   시작날짜: 2020-01
[2025-09-29 03:37:02,134] INFO: 기존 인증 상태 로드
[2025-09-29 03:37:02,528] INFO: 로그인 시도 1/3
[2025-09-29 03:37:07,605] INFO: 기존 로그인 세션 유효 (URL 기준)
[2025-09-29 03:37:07,622] INFO: 종합물가정보 카테고리 페이지로 이동합니다.
[2025-09-29 03:37:12,593] INFO: 팝업 닫기 처리 완료
[2025-09-29 03:37:12,641] INFO: Right Quick 메뉴를 숨겼습니다.
[2025-09-29 03:37:12,642] INFO: ✓ 카테고리 페이지 이동 완료
[2025-09-29 03:37:12,860] INFO: 대분류 '전기자재' 크롤링 시작...
[2025-09-29 03:37:13,716] INFO: 페이지 로딩을 위한 기본 대기 시간 적용 (10초)
[2025-09-29 03:37:23,742] INFO: openSub() 버튼을 클릭하여 모든 분류를 펼칩니다.
[2025-09-29 03:37:28,888] INFO: 중분류 요소들이 화면에 완전히 로드되었습니다.
[2025-09-29 03:37:28,906] INFO: 페이지 HTML 샘플 (part-ttl 관련): part-ttl">
							<a href="category.asp?CATE_CD=104501">
								절연전선
							</a>
						</div>
						<ul class="part-list">
							
							<li title="내열비닐절연전선(HIV)">
								<a href="detail.asp?CATE_CD=10450107">
									내열비닐절연전선(HIV)
								</a>
							</li>
							
							<li title="난연PVC절연접지용전선(F-GV)">
								<a href="detail.asp?CATE_CD=10450116">
									난연PVC절연접지용전선(F-GV)
								</a>
							</li>
							
							<li title="저독난연가교폴리올레핀절연전선(HFIX)">
								<a href="detail.asp?CATE_CD=10450123">
									저독난연가교폴리올레핀절연전선(HFIX)
								</a>
							</li>
							
							<li title="난연성폴리프렉스구출선(MLFC)">
								<a href="detail.asp?CATE_CD=10450130">
									난연성폴리프렉스구출선(MLFC)
								</a>
							</li>
							
							<li title="옥외용비닐절연전선(OW)">
								<a href="detail.asp?CATE_CD=10450111">
									옥외용비닐절연전선(OW)
								</a>
							</li>
							
							<li title="인입용비닐절연전선(DV)">
								<a href="detail.asp?CATE_CD=10450112">
									인입용비닐절연전선(DV)
								</a>
							</li>
							
						
[2025-09-29 03:37:28,923] INFO:   발견된 중분류 개수: 26
[2025-09-29 03:37:28,946] INFO:   발견된 중분류: '절연전선' (CATE_CD: category.asp?CATE_CD=104501)
[2025-09-29 03:37:28,968] INFO:   발견된 중분류: '전력케이블' (CATE_CD: category.asp?CATE_CD=104504)
[2025-09-29 03:37:28,985] INFO:   발견된 중분류: '제어용케이블' (CATE_CD: category.asp?CATE_CD=104507)
[2025-09-29 03:37:29,006] INFO:   발견된 중분류: '소방용케이블' (CATE_CD: category.asp?CATE_CD=104513)
[2025-09-29 03:37:29,027] INFO:   발견된 중분류: '통신용케이블' (CATE_CD: category.asp?CATE_CD=104516)
[2025-09-29 03:37:29,046] INFO:   발견된 중분류: '기타특수케이블' (CATE_CD: category.asp?CATE_CD=104587)
[2025-09-29 03:37:29,063] INFO:   발견된 중분류: '전선원부자재' (CATE_CD: category.asp?CATE_CD=104521)
[2025-09-29 03:37:29,086] INFO:   발견된 중분류: '전선관' (CATE_CD: category.asp?CATE_CD=104524)
[2025-09-29 03:37:29,106] INFO:   발견된 중분류: '전선관로재' (CATE_CD: category.asp?CATE_CD=104526)
[2025-09-29 03:37:29,125] INFO:   발견된 중분류: '전력기기' (CATE_CD: category.asp?CATE_CD=104530)
[2025-09-29 03:37:29,147] INFO:   발견된 중분류: '배전기기' (CATE_CD: category.asp?CATE_CD=104533)
[2025-09-29 03:37:29,164] INFO:   발견된 중분류: '절연재료' (CATE_CD: category.asp?CATE_CD=104569)
[2025-09-29 03:37:29,184] INFO:   발견된 중분류: '수ㆍ배전반' (CATE_CD: category.asp?CATE_CD=104539)
[2025-09-29 03:37:29,205] INFO:   발견된 중분류: '배전제어기기' (CATE_CD: category.asp?CATE_CD=104542)
[2025-09-29 03:37:29,222] INFO:   발견된 중분류: '자동화기기' (CATE_CD: category.asp?CATE_CD=104545)
[2025-09-29 03:37:29,241] INFO:   발견된 중분류: '계전기기' (CATE_CD: category.asp?CATE_CD=104548)
[2025-09-29 03:37:29,256] INFO:   발견된 중분류: '접지ㆍ피뢰자재' (CATE_CD: category.asp?CATE_CD=104551)
[2025-09-29 03:37:29,276] INFO:   발견된 중분류: '배선기구' (CATE_CD: category.asp?CATE_CD=104554)
[2025-09-29 03:37:29,295] INFO:   발견된 중분류: '조명기구' (CATE_CD: category.asp?CATE_CD=104557)
[2025-09-29 03:37:29,312] INFO:   발견된 중분류: '전등' (CATE_CD: category.asp?CATE_CD=104560)
[2025-09-29 03:37:29,331] INFO:   발견된 중분류: '안정기' (CATE_CD: category.asp?CATE_CD=104563)
[2025-09-29 03:37:29,347] INFO:   발견된 중분류: '전주' (CATE_CD: category.asp?CATE_CD=104566)
[2025-09-29 03:37:29,367] INFO:   발견된 중분류: '가선철물' (CATE_CD: category.asp?CATE_CD=104573)
[2025-09-29 03:37:29,386] INFO:   발견된 중분류: '교통신호장치' (CATE_CD: category.asp?CATE_CD=104577)
[2025-09-29 03:37:29,408] INFO:   발견된 중분류: '전광게시물' (CATE_CD: category.asp?CATE_CD=104580)
[2025-09-29 03:37:29,426] INFO:   발견된 중분류: '전지' (CATE_CD: category.asp?CATE_CD=104586)
[2025-09-29 03:37:29,426] INFO:   [SKIP] 타겟 중분류가 아님: '절연전선' 건너뜁니다.
[2025-09-29 03:37:29,427] INFO:   [SKIP] 타겟 중분류가 아님: '전력케이블' 건너뜁니다.
[2025-09-29 03:37:29,427] INFO:   중분류 '제어용케이블' 포함 (타겟 중분류 일치)
[2025-09-29 03:37:29,427] INFO:   중분류 '제어용케이블' 페이지로 이동: https://www.kpi.or.kr/www/price/category.asp?CATE_CD=104507
[2025-09-29 03:37:42,685] INFO:   페이지 HTML 길이: 145425 characters
[2025-09-29 03:37:42,693] INFO:   subcate-up div 내용 길이: 1208 characters
[2025-09-29 03:37:42,693] INFO:   subcate-up div 내용: 
						<ul>
                        
							
							<li title="절연저독성난연폴리올레핀시스제어용케이블(HFCCO)">
								<a href="detail.asp?CATE_CD=10450712" style="font-weight:normal;letter-spacing:-1px;">절연저독성난연폴리올레핀시...
[2025-09-29 03:37:42,698] INFO:     발견된 소분류 링크 개수: 6
[2025-09-29 03:37:42,708] INFO:     발견된 소분류: '절연저독성난연폴리올레핀시스제어용케이블(HFCCO)'
[2025-09-29 03:37:42,709] INFO:     링크: detail.asp?CATE_CD=10450712
[2025-09-29 03:37:42,720] INFO:     발견된 소분류: '절연저독성난연폴리올레핀시스차폐제어용케이블(HFCCO-SㆍSB)'
[2025-09-29 03:37:42,720] INFO:     링크: detail.asp?CATE_CD=10450713
[2025-09-29 03:37:42,732] INFO:     발견된 소분류: '절연저독성난연폴리올레핀시스알루미늄마일라테이프제어용케이블(HFCCO-AMSㆍI/C AMS)'
[2025-09-29 03:37:42,732] INFO:     링크: detail.asp?CATE_CD=10450714
[2025-09-29 03:37:42,743] INFO:     발견된 소분류: '절연난연시스제어케이블(FW-CVV)'
[2025-09-29 03:37:42,744] INFO:     링크: detail.asp?CATE_CD=10450707
[2025-09-29 03:37:42,753] INFO:     발견된 소분류: '절연난연시스제어차폐케이블(FW-CVV-SㆍSB)'
[2025-09-29 03:37:42,754] INFO:     링크: detail.asp?CATE_CD=10450708
[2025-09-29 03:37:42,764] INFO:     발견된 소분류: '절연난연시스알루미늄마일라테이프차폐제어케이블(FW-CVV-AMSㆍI/C AMS)'
[2025-09-29 03:37:42,764] INFO:     링크: detail.asp?CATE_CD=10450711
[2025-09-29 03:37:42,764] INFO:     중분류 '제어용케이블' - 발견된 소분류 개수: 6
[2025-09-29 03:37:42,764] INFO:     [DEBUG] 타겟 소분류: '절연난연시스알루미늄마일라테이프차폐제어케이블(FW-CVV-AMSㆍI/C AMS)' (길이: 43)
[2025-09-29 03:37:42,765] INFO:     [DEBUG] 타겟 소분류 바이트: b'\xec\xa0\x88\xec\x97\xb0\xeb\x82\x9c\xec\x97\xb0\xec\x8b\x9c\xec\x8a\xa4\xec\x95\x8c\xeb\xa3\xa8\xeb\xaf\xb8\xeb\x8a\x84\xeb\xa7\x88\xec\x9d\xbc\xeb\x9d\xbc\xed\x85\x8c\xec\x9d\xb4\xed\x94\x84\xec\xb0\xa8\xed\x8f\x90\xec\xa0\x9c\xec\x96\xb4\xec\xbc\x80\xec\x9d\xb4\xeb\xb8\x94(FW-CVV-AMS\xe3\x86\x8dI/C AMS)'
[2025-09-29 03:37:42,765] INFO:     [DEBUG] 타겟 소분류 정규화: '절연난연시스알루미늄마일라테이프차폐제어케이블(FW-CVV-AMSᆞI/C AMS)'
[2025-09-29 03:37:42,765] INFO:     [DEBUG] 웹사이트 소분류: '절연저독성난연폴리올레핀시스제어용케이블(HFCCO)' -> 정규화: '절연저독성난연폴리올레핀시스제어용케이블(HFCCO)'
[2025-09-29 03:37:42,765] INFO:     [DEBUG] 타겟 소분류 정규화 값: '절연난연시스알루미늄마일라테이프차폐제어케이블(FW-CVV-AMSᆞI/C AMS)'
[2025-09-29 03:37:42,766] INFO:     [DEBUG] 웹사이트 소분류 정규화 값: '절연저독성난연폴리올레핀시스제어용케이블(HFCCO)'
[2025-09-29 03:37:42,767] INFO:     [DEBUG] 정규화된 문자열 비교 결과: False
[2025-09-29 03:37:42,770] INFO:     [SKIP] 타겟 소분류가 아님 (괄호 포함): '절연저독성난연폴리올레핀시스제어용케이블(HFCCO)' 건너뜁니다.
[2025-09-29 03:37:42,770] INFO:     [DEBUG] 웹사이트 소분류: '절연저독성난연폴리올레핀시스차폐제어용케이블(HFCCO-SㆍSB)' -> 정규화: '절연저독성난연폴리올레핀시스차폐제어용케이블(HFCCO-SᆞSB)'
[2025-09-29 03:37:42,770] INFO:     [DEBUG] 타겟 소분류 정규화 값: '절연난연시스알루미늄마일라테이프차폐제어케이블(FW-CVV-AMSᆞI/C AMS)'
[2025-09-29 03:37:42,771] INFO:     [DEBUG] 웹사이트 소분류 정규화 값: '절연저독성난연폴리올레핀시스차폐제어용케이블(HFCCO-SᆞSB)'
[2025-09-29 03:37:42,771] INFO:     [DEBUG] 정규화된 문자열 비교 결과: False
[2025-09-29 03:37:42,771] INFO:     [SKIP] 타겟 소분류가 아님 (괄호 포함): '절연저독성난연폴리올레핀시스차폐제어용케이블(HFCCO-SㆍSB)' 건너뜁니다.
[2025-09-29 03:37:42,771] INFO:     [DEBUG] 웹사이트 소분류: '절연저독성난연폴리올레핀시스알루미늄마일라테이프제어용케이블(HFCCO-AMSㆍI/C AMS)' -> 정규화: '절연저독성난연폴리올레핀시스알루미늄마일라테이프제어용케이블(HFCCO-AMSᆞI/C AMS)'
[2025-09-29 03:37:42,771] INFO:     [DEBUG] 타겟 소분류 정규화 값: '절연난연시스알루미늄마일라테이프차폐제어케이블(FW-CVV-AMSᆞI/C AMS)'
[2025-09-29 03:37:42,772] INFO:     [DEBUG] 웹사이트 소분류 정규화 값: '절연저독성난연폴리올레핀시스알루미늄마일라테이프제어용케이블(HFCCO-AMSᆞI/C AMS)'
[2025-09-29 03:37:42,772] INFO:     [DEBUG] 정규화된 문자열 비교 결과: False
[2025-09-29 03:37:42,773] INFO:     [SKIP] 타겟 소분류가 아님 (괄호 포함): '절연저독성난연폴리올레핀시스알루미늄마일라테이프제어용케이블(HFCCO-AMSㆍI/C AMS)' 건너뜁니다.
[2025-09-29 03:37:42,773] INFO:     [DEBUG] 웹사이트 소분류: '절연난연시스제어케이블(FW-CVV)' -> 정규화: '절연난연시스제어케이블(FW-CVV)'
[2025-09-29 03:37:42,773] INFO:     [DEBUG] 타겟 소분류 정규화 값: '절연난연시스알루미늄마일라테이프차폐제어케이블(FW-CVV-AMSᆞI/C AMS)'
[2025-09-29 03:37:42,773] INFO:     [DEBUG] 웹사이트 소분류 정규화 값: '절연난연시스제어케이블(FW-CVV)'
[2025-09-29 03:37:42,773] INFO:     [DEBUG] 정규화된 문자열 비교 결과: False
[2025-09-29 03:37:42,774] INFO:     [SKIP] 타겟 소분류가 아님 (괄호 포함): '절연난연시스제어케이블(FW-CVV)' 건너뜁니다.
[2025-09-29 03:37:42,774] INFO:     [DEBUG] 웹사이트 소분류: '절연난연시스제어차폐케이블(FW-CVV-SㆍSB)' -> 정규화: '절연난연시스제어차폐케이블(FW-CVV-SᆞSB)'
[2025-09-29 03:37:42,774] INFO:     [DEBUG] 타겟 소분류 정규화 값: '절연난연시스알루미늄마일라테이프차폐제어케이블(FW-CVV-AMSᆞI/C AMS)'
[2025-09-29 03:37:42,774] INFO:     [DEBUG] 웹사이트 소분류 정규화 값: '절연난연시스제어차폐케이블(FW-CVV-SᆞSB)'
[2025-09-29 03:37:42,774] INFO:     [DEBUG] 정규화된 문자열 비교 결과: False
[2025-09-29 03:37:42,774] INFO:     [SKIP] 타겟 소분류가 아님 (괄호 포함): '절연난연시스제어차폐케이블(FW-CVV-SㆍSB)' 건너뜁니다.
[2025-09-29 03:37:42,775] INFO:     [DEBUG] 웹사이트 소분류: '절연난연시스알루미늄마일라테이프차폐제어케이블(FW-CVV-AMSㆍI/C AMS)' -> 정규화: '절연난연시스알루미늄마일라테이프차폐제어케이블(FW-CVV-AMSᆞI/C AMS)'
[2025-09-29 03:37:42,775] INFO:     [DEBUG] 타겟 소분류 정규화 값: '절연난연시스알루미늄마일라테이프차폐제어케이블(FW-CVV-AMSᆞI/C AMS)'
[2025-09-29 03:37:42,775] INFO:     [DEBUG] 웹사이트 소분류 정규화 값: '절연난연시스알루미늄마일라테이프차폐제어케이블(FW-CVV-AMSᆞI/C AMS)'
[2025-09-29 03:37:42,775] INFO:     [DEBUG] 정규화된 문자열 비교 결과: True
[2025-09-29 03:37:42,775] INFO:     [MATCH] 소분류 매칭 성공 (정확 일치): '절연난연시스알루미늄마일라테이프차폐제어케이블(FW-CVV-AMSㆍI/C AMS)'
[2025-09-29 03:37:42,775] INFO:     중분류 '제어용케이블': 1개 소분류를 병렬로 처리합니다.
[2025-09-29 03:37:42,776] INFO:   - 중분류 '제어용케이블' > 소분류 '절연난연시스알루미늄마일라테이프차폐제어케이블(FW-CVV-AMSㆍI/C AMS)' 데이터 수집 시작
[2025-09-29 03:37:42,837] INFO:     새 페이지 생성: 절연난연시스알루미늄마일라테이프차폐제어케이블(FW-CVV-AMSㆍI/C AMS)
[2025-09-29 03:37:45,644] INFO: [DEBUG] 대분류 '전기자재' 발견
[2025-09-29 03:37:45,645] INFO: [DEBUG] 중분류 '제어용케이블' 발견
[2025-09-29 03:37:45,646] INFO: [DEBUG] 중분류 데이터 키들: ['절연난연시스제어케이블(FW-CVV)', '절연난연시스제어차폐케이블(FW-CVV-SㆍSB)', '절연난연시스알루미늄마일라테이프차폐제어케이블(FW-CVV-AMSㆍI/C AMS)']
[2025-09-29 03:37:45,647] INFO: [DEBUG] 소분류 '절연난연시스알루미늄마일라테이프차폐제어케이블(FW-CVV-AMSㆍI/C AMS)' 정확 매칭 성공
[2025-09-29 03:37:45,647] INFO: JSONC 단위 정보 발견: 전기자재 > 제어용케이블 > 절연난연시스알루미늄마일라테이프차폐제어케이블(FW-CVV-AMSㆍI/C AMS) = m
[2025-09-29 03:37:45,647] INFO:     ✅ JSONC 파일에서 단위 추출: m
[2025-09-29 03:37:52,651] INFO:     ✅ 물가추이 보기 탭 클릭 성공 (셀렉터: a:has-text("물가추이 보기"))
[2025-09-29 03:37:55,672] DEBUG:     - 페이지에서 감지된 총 규격 옵션 수: 10
[2025-09-29 03:37:55,686] DEBUG:     - 규격 옵션 1: value='10011', name='FW-CVV-AMS -  1pair'
[2025-09-29 03:37:55,686] DEBUG:     - 유효한 규격으로 추가됨: FW-CVV-AMS -  1pair (value: 10011)
[2025-09-29 03:37:55,698] DEBUG:     - 규격 옵션 2: value='10021', name='FW-CVV-I/C AMS -  2pair'
[2025-09-29 03:37:55,698] DEBUG:     - 유효한 규격으로 추가됨: FW-CVV-I/C AMS -  2pair (value: 10021)
[2025-09-29 03:37:55,711] DEBUG:     - 규격 옵션 3: value='10031', name='FW-CVV-I/C AMS -  3pair'
[2025-09-29 03:37:55,711] DEBUG:     - 유효한 규격으로 추가됨: FW-CVV-I/C AMS -  3pair (value: 10031)
[2025-09-29 03:37:55,724] DEBUG:     - 규격 옵션 4: value='10041', name='FW-CVV-I/C AMS -  4pair'
[2025-09-29 03:37:55,725] DEBUG:     - 유효한 규격으로 추가됨: FW-CVV-I/C AMS -  4pair (value: 10041)
[2025-09-29 03:37:55,738] DEBUG:     - 규격 옵션 5: value='10051', name='FW-CVV-I/C AMS -  5pair'
[2025-09-29 03:37:55,738] DEBUG:     - 유효한 규격으로 추가됨: FW-CVV-I/C AMS -  5pair (value: 10051)
[2025-09-29 03:37:55,747] DEBUG:     - 규격 옵션 6: value='10061', name='FW-CVV-I/C AMS -  10pair'
[2025-09-29 03:37:55,748] DEBUG:     - 유효한 규격으로 추가됨: FW-CVV-I/C AMS -  10pair (value: 10061)
[2025-09-29 03:37:55,761] DEBUG:     - 규격 옵션 7: value='10071', name='FW-CVV-I/C AMS -  15pair'
[2025-09-29 03:37:55,761] DEBUG:     - 유효한 규격으로 추가됨: FW-CVV-I/C AMS -  15pair (value: 10071)
[2025-09-29 03:37:55,773] DEBUG:     - 규격 옵션 8: value='10081', name='FW-CVV-I/C AMS -  20pair'
[2025-09-29 03:37:55,773] DEBUG:     - 유효한 규격으로 추가됨: FW-CVV-I/C AMS -  20pair (value: 10081)
[2025-09-29 03:37:55,784] DEBUG:     - 규격 옵션 9: value='10091', name='FW-CVV-I/C AMS -  25pair'
[2025-09-29 03:37:55,784] DEBUG:     - 유효한 규격으로 추가됨: FW-CVV-I/C AMS -  25pair (value: 10091)
[2025-09-29 03:37:55,792] DEBUG:     - 규격 옵션 10: value='10101', name='FW-CVV-I/C AMS -  30pair'
[2025-09-29 03:37:55,792] DEBUG:     - 유효한 규격으로 추가됨: FW-CVV-I/C AMS -  30pair (value: 10101)
[2025-09-29 03:37:55,792] DEBUG:     - 최종 유효 규격 목록: ['FW-CVV-AMS -  1pair', 'FW-CVV-I/C AMS -  2pair', 'FW-CVV-I/C AMS -  3pair', 'FW-CVV-I/C AMS -  4pair', 'FW-CVV-I/C AMS -  5pair', 'FW-CVV-I/C AMS -  10pair', 'FW-CVV-I/C AMS -  15pair', 'FW-CVV-I/C AMS -  20pair', 'FW-CVV-I/C AMS -  25pair', 'FW-CVV-I/C AMS -  30pair']
[2025-09-29 03:37:55,792] DEBUG:     - 최종 유효 규격 수: 10
[2025-09-29 03:37:55,792] INFO:     - 총 10개 유효한 규격을 최적화된 순차 처리로 진행합니다.
[2025-09-29 03:37:55,792] DEBUG:     - 규격 목록: ['FW-CVV-AMS -  1pair', 'FW-CVV-I/C AMS -  2pair', 'FW-CVV-I/C AMS -  3pair', 'FW-CVV-I/C AMS -  4pair', 'FW-CVV-I/C AMS -  5pair', 'FW-CVV-I/C AMS -  10pair', 'FW-CVV-I/C AMS -  15pair', 'FW-CVV-I/C AMS -  20pair', 'FW-CVV-I/C AMS -  25pair', 'FW-CVV-I/C AMS -  30pair']
[2025-09-29 03:37:55,792] INFO:       단위: m
[2025-09-29 03:37:55,792] DEBUG:       _process_specs_optimized 시작 - 처리할 규격 수: 10
[2025-09-29 03:37:55,792] INFO:       - 규격 1/10: 'FW-CVV-AMS -  1pair' 조회 중...
[2025-09-29 03:37:55,792] DEBUG:       - 규격 상세정보: value='10011', name='FW-CVV-AMS -  1pair'
[2025-09-29 03:37:57,408] INFO:         - 기존 데이터 없음: 전체 추출 필요
[2025-09-29 03:37:57,408] DEBUG:       - 기존 데이터 확인 완료: 0개 날짜
[2025-09-29 03:37:57,408] DEBUG:       - 규격 선택 시도: #ITEM_SPEC_CD -> 10011
[2025-09-29 03:37:58,449] DEBUG:       - 규격 선택 성공 (시도 1/3)
[2025-09-29 03:37:58,449] DEBUG:       - 규격 선택 완료 및 페이지 로딩 대기 완료
[2025-09-29 03:37:58,449] DEBUG:       - 첫 번째 규격이므로 기간 설정 진행
[2025-09-29 03:37:58,666] INFO:         - 기간 설정 완료: 2020.01 ~ 2025.10
[2025-09-29 03:37:59,909] INFO:       - 자재: 'FW-CVV-AMS -  1pair' | 단위: m
[2025-09-29 03:37:59,978] INFO: 'FW-CVV-AMS -  1pair' (spec_name형): 발견된 상세규격들: ['1.5㎟', '2.5㎟']
[2025-09-29 03:37:59,996] INFO:         - 날짜 헤더 변환 예시: 2020.01 -> 2020-01-01
[2025-09-29 03:38:00,554] INFO: 진행: 50개 추출됨
[2025-09-29 03:38:01,128] INFO: 진행: 100개 추출됨
[2025-09-29 03:38:01,631] INFO: ✓ 'FW-CVV-AMS -  1pair' (spec_name형): 140개 완료
[2025-09-29 03:38:01,632] DEBUG:       - 규격 'FW-CVV-AMS -  1pair' 처리 완료 ✓
[2025-09-29 03:38:01,632] INFO:       - 규격 2/10: 'FW-CVV-I/C AMS -  2pair' 조회 중...
[2025-09-29 03:38:01,632] DEBUG:       - 규격 상세정보: value='10021', name='FW-CVV-I/C AMS -  2pair'
[2025-09-29 03:38:01,895] INFO:         - 기존 데이터 없음: 전체 추출 필요
[2025-09-29 03:38:01,895] DEBUG:       - 기존 데이터 확인 완료: 0개 날짜
[2025-09-29 03:38:01,896] DEBUG:       - 규격 선택 시도: #ITEM_SPEC_CD -> 10021
[2025-09-29 03:38:02,930] DEBUG:       - 규격 선택 성공 (시도 1/3)
[2025-09-29 03:38:02,930] DEBUG:       - 규격 선택 완료 및 페이지 로딩 대기 완료
[2025-09-29 03:38:04,306] INFO:       - 자재: 'FW-CVV-I/C AMS -  2pair' | 단위: m
[2025-09-29 03:38:04,430] INFO: 'FW-CVV-I/C AMS -  2pair' (spec_name형): 발견된 상세규격들: ['1.5㎟', '2.5㎟']
[2025-09-29 03:38:05,104] INFO: 진행: 50개 추출됨
[2025-09-29 03:38:05,668] INFO: 진행: 100개 추출됨
[2025-09-29 03:38:06,177] INFO: ✓ 'FW-CVV-I/C AMS -  2pair' (spec_name형): 140개 완료
[2025-09-29 03:38:06,178] DEBUG:       - 규격 'FW-CVV-I/C AMS -  2pair' 처리 완료 ✓
[2025-09-29 03:38:06,178] INFO:       - 규격 3/10: 'FW-CVV-I/C AMS -  3pair' 조회 중...
[2025-09-29 03:38:06,178] DEBUG:       - 규격 상세정보: value='10031', name='FW-CVV-I/C AMS -  3pair'
[2025-09-29 03:38:06,662] INFO:         - 기존 데이터 없음: 전체 추출 필요
[2025-09-29 03:38:06,662] DEBUG:       - 기존 데이터 확인 완료: 0개 날짜
[2025-09-29 03:38:06,663] DEBUG:       - 규격 선택 시도: #ITEM_SPEC_CD -> 10031
[2025-09-29 03:38:07,700] DEBUG:       - 규격 선택 성공 (시도 1/3)
[2025-09-29 03:38:07,701] DEBUG:       - 규격 선택 완료 및 페이지 로딩 대기 완료
[2025-09-29 03:38:09,029] INFO:       - 자재: 'FW-CVV-I/C AMS -  3pair' | 단위: m
[2025-09-29 03:38:09,125] INFO: 'FW-CVV-I/C AMS -  3pair' (spec_name형): 발견된 상세규격들: ['1.5㎟', '2.5㎟']
[2025-09-29 03:38:09,778] INFO: 진행: 50개 추출됨
[2025-09-29 03:38:10,346] INFO: 진행: 100개 추출됨
[2025-09-29 03:38:10,785] INFO: ✓ 'FW-CVV-I/C AMS -  3pair' (spec_name형): 140개 완료
[2025-09-29 03:38:10,785] DEBUG:       - 규격 'FW-CVV-I/C AMS -  3pair' 처리 완료 ✓
[2025-09-29 03:38:10,785] INFO:       - 규격 4/10: 'FW-CVV-I/C AMS -  4pair' 조회 중...
[2025-09-29 03:38:10,786] DEBUG:       - 규격 상세정보: value='10041', name='FW-CVV-I/C AMS -  4pair'
[2025-09-29 03:38:11,027] INFO:         - 기존 데이터 없음: 전체 추출 필요
[2025-09-29 03:38:11,027] DEBUG:       - 기존 데이터 확인 완료: 0개 날짜
[2025-09-29 03:38:11,027] DEBUG:       - 규격 선택 시도: #ITEM_SPEC_CD -> 10041
[2025-09-29 03:38:12,064] DEBUG:       - 규격 선택 성공 (시도 1/3)
[2025-09-29 03:38:12,064] DEBUG:       - 규격 선택 완료 및 페이지 로딩 대기 완료
[2025-09-29 03:38:13,437] INFO:       - 자재: 'FW-CVV-I/C AMS -  4pair' | 단위: m
[2025-09-29 03:38:13,512] INFO: 'FW-CVV-I/C AMS -  4pair' (spec_name형): 발견된 상세규격들: ['1.5㎟', '2.5㎟']
[2025-09-29 03:38:14,092] INFO: 진행: 50개 추출됨
[2025-09-29 03:38:14,926] INFO: 진행: 100개 추출됨
[2025-09-29 03:38:15,547] INFO: ✓ 'FW-CVV-I/C AMS -  4pair' (spec_name형): 140개 완료
[2025-09-29 03:38:15,548] DEBUG:       - 규격 'FW-CVV-I/C AMS -  4pair' 처리 완료 ✓
[2025-09-29 03:38:15,548] INFO:       - 규격 5/10: 'FW-CVV-I/C AMS -  5pair' 조회 중...
[2025-09-29 03:38:15,548] DEBUG:       - 규격 상세정보: value='10051', name='FW-CVV-I/C AMS -  5pair'
[2025-09-29 03:38:15,691] INFO:         - 기존 데이터 없음: 전체 추출 필요
[2025-09-29 03:38:15,691] DEBUG:       - 기존 데이터 확인 완료: 0개 날짜
[2025-09-29 03:38:15,691] DEBUG:       - 규격 선택 시도: #ITEM_SPEC_CD -> 10051
[2025-09-29 03:38:16,751] DEBUG:       - 규격 선택 성공 (시도 1/3)
[2025-09-29 03:38:16,751] DEBUG:       - 규격 선택 완료 및 페이지 로딩 대기 완료
[2025-09-29 03:38:18,078] INFO:       - 자재: 'FW-CVV-I/C AMS -  5pair' | 단위: m
[2025-09-29 03:38:18,158] INFO: 'FW-CVV-I/C AMS -  5pair' (spec_name형): 발견된 상세규격들: ['1.5㎟', '2.5㎟']
[2025-09-29 03:38:18,776] INFO: 진행: 50개 추출됨
[2025-09-29 03:38:19,305] INFO: 진행: 100개 추출됨
[2025-09-29 03:38:19,761] INFO: ✓ 'FW-CVV-I/C AMS -  5pair' (spec_name형): 140개 완료
[2025-09-29 03:38:19,762] DEBUG:       - 규격 'FW-CVV-I/C AMS -  5pair' 처리 완료 ✓
[2025-09-29 03:38:19,762] INFO:       - 규격 6/10: 'FW-CVV-I/C AMS -  10pair' 조회 중...
[2025-09-29 03:38:19,762] DEBUG:       - 규격 상세정보: value='10061', name='FW-CVV-I/C AMS -  10pair'
[2025-09-29 03:38:19,997] INFO:         - 기존 데이터 없음: 전체 추출 필요
[2025-09-29 03:38:19,998] DEBUG:       - 기존 데이터 확인 완료: 0개 날짜
[2025-09-29 03:38:19,998] DEBUG:       - 규격 선택 시도: #ITEM_SPEC_CD -> 10061
[2025-09-29 03:38:21,028] DEBUG:       - 규격 선택 성공 (시도 1/3)
[2025-09-29 03:38:21,028] DEBUG:       - 규격 선택 완료 및 페이지 로딩 대기 완료
[2025-09-29 03:38:22,373] INFO:       - 자재: 'FW-CVV-I/C AMS -  10pair' | 단위: m
[2025-09-29 03:38:22,449] INFO: 'FW-CVV-I/C AMS -  10pair' (spec_name형): 발견된 상세규격들: ['1.5㎟', '2.5㎟']
[2025-09-29 03:38:23,101] INFO: 진행: 50개 추출됨
[2025-09-29 03:38:23,749] INFO: 진행: 100개 추출됨
[2025-09-29 03:38:24,312] INFO: ✓ 'FW-CVV-I/C AMS -  10pair' (spec_name형): 140개 완료
[2025-09-29 03:38:24,313] DEBUG:       - 규격 'FW-CVV-I/C AMS -  10pair' 처리 완료 ✓
[2025-09-29 03:38:24,313] INFO:       - 규격 7/10: 'FW-CVV-I/C AMS -  15pair' 조회 중...
[2025-09-29 03:38:24,313] DEBUG:       - 규격 상세정보: value='10071', name='FW-CVV-I/C AMS -  15pair'
[2025-09-29 03:38:24,445] INFO:         - 기존 데이터 없음: 전체 추출 필요
[2025-09-29 03:38:24,446] DEBUG:       - 기존 데이터 확인 완료: 0개 날짜
[2025-09-29 03:38:24,446] DEBUG:       - 규격 선택 시도: #ITEM_SPEC_CD -> 10071
[2025-09-29 03:38:25,481] DEBUG:       - 규격 선택 성공 (시도 1/3)
[2025-09-29 03:38:25,481] DEBUG:       - 규격 선택 완료 및 페이지 로딩 대기 완료
[2025-09-29 03:38:26,968] INFO:       - 자재: 'FW-CVV-I/C AMS -  15pair' | 단위: m
[2025-09-29 03:38:27,034] INFO: 'FW-CVV-I/C AMS -  15pair' (spec_name형): 발견된 상세규격들: ['1.5㎟', '2.5㎟']
[2025-09-29 03:38:27,667] INFO: 진행: 50개 추출됨
[2025-09-29 03:38:28,237] INFO: 진행: 100개 추출됨
[2025-09-29 03:38:28,674] INFO: ✓ 'FW-CVV-I/C AMS -  15pair' (spec_name형): 140개 완료
[2025-09-29 03:38:28,675] DEBUG:       - 규격 'FW-CVV-I/C AMS -  15pair' 처리 완료 ✓
[2025-09-29 03:38:28,675] INFO:       - 규격 8/10: 'FW-CVV-I/C AMS -  20pair' 조회 중...
[2025-09-29 03:38:28,675] DEBUG:       - 규격 상세정보: value='10081', name='FW-CVV-I/C AMS -  20pair'
[2025-09-29 03:38:28,829] INFO:         - 기존 데이터 없음: 전체 추출 필요
[2025-09-29 03:38:28,830] DEBUG:       - 기존 데이터 확인 완료: 0개 날짜
[2025-09-29 03:38:28,830] DEBUG:       - 규격 선택 시도: #ITEM_SPEC_CD -> 10081
[2025-09-29 03:38:29,865] DEBUG:       - 규격 선택 성공 (시도 1/3)
[2025-09-29 03:38:29,865] DEBUG:       - 규격 선택 완료 및 페이지 로딩 대기 완료
[2025-09-29 03:38:31,360] INFO:       - 자재: 'FW-CVV-I/C AMS -  20pair' | 단위: m
[2025-09-29 03:38:31,442] INFO: 'FW-CVV-I/C AMS -  20pair' (spec_name형): 발견된 상세규격들: ['1.5㎟', '2.5㎟']
[2025-09-29 03:38:32,020] INFO: 진행: 50개 추출됨
[2025-09-29 03:38:32,554] INFO: 진행: 100개 추출됨
[2025-09-29 03:38:33,158] INFO: ✓ 'FW-CVV-I/C AMS -  20pair' (spec_name형): 140개 완료
[2025-09-29 03:38:33,159] DEBUG:       - 규격 'FW-CVV-I/C AMS -  20pair' 처리 완료 ✓
[2025-09-29 03:38:33,159] INFO:       - 규격 9/10: 'FW-CVV-I/C AMS -  25pair' 조회 중...
[2025-09-29 03:38:33,159] DEBUG:       - 규격 상세정보: value='10091', name='FW-CVV-I/C AMS -  25pair'
[2025-09-29 03:38:33,331] INFO:         - 기존 데이터 없음: 전체 추출 필요
[2025-09-29 03:38:33,331] DEBUG:       - 기존 데이터 확인 완료: 0개 날짜
[2025-09-29 03:38:33,332] DEBUG:       - 규격 선택 시도: #ITEM_SPEC_CD -> 10091
[2025-09-29 03:38:34,367] DEBUG:       - 규격 선택 성공 (시도 1/3)
[2025-09-29 03:38:34,368] DEBUG:       - 규격 선택 완료 및 페이지 로딩 대기 완료
[2025-09-29 03:38:35,999] INFO:       - 자재: 'FW-CVV-I/C AMS -  25pair' | 단위: m
[2025-09-29 03:38:36,061] INFO: 'FW-CVV-I/C AMS -  25pair' (spec_name형): 발견된 상세규격들: ['1.5㎟', '2.5㎟']
[2025-09-29 03:38:36,740] INFO: 진행: 50개 추출됨
[2025-09-29 03:38:37,270] INFO: 진행: 100개 추출됨
[2025-09-29 03:38:37,813] INFO: ✓ 'FW-CVV-I/C AMS -  25pair' (spec_name형): 140개 완료
[2025-09-29 03:38:37,813] DEBUG:       - 규격 'FW-CVV-I/C AMS -  25pair' 처리 완료 ✓
[2025-09-29 03:38:37,813] INFO:       - 규격 10/10: 'FW-CVV-I/C AMS -  30pair' 조회 중...
[2025-09-29 03:38:37,813] DEBUG:       - 규격 상세정보: value='10101', name='FW-CVV-I/C AMS -  30pair'
[2025-09-29 03:38:37,948] INFO:         - 기존 데이터 없음: 전체 추출 필요
[2025-09-29 03:38:37,949] DEBUG:       - 기존 데이터 확인 완료: 0개 날짜
[2025-09-29 03:38:37,949] DEBUG:       - 규격 선택 시도: #ITEM_SPEC_CD -> 10101
[2025-09-29 03:38:38,985] DEBUG:       - 규격 선택 성공 (시도 1/3)
[2025-09-29 03:38:38,985] DEBUG:       - 규격 선택 완료 및 페이지 로딩 대기 완료
[2025-09-29 03:38:40,605] INFO:       - 자재: 'FW-CVV-I/C AMS -  30pair' | 단위: m
[2025-09-29 03:38:40,682] INFO: 'FW-CVV-I/C AMS -  30pair' (spec_name형): 발견된 상세규격들: ['1.5㎟', '2.5㎟']
[2025-09-29 03:38:41,287] INFO: 진행: 50개 추출됨
[2025-09-29 03:38:41,819] INFO: 진행: 100개 추출됨
[2025-09-29 03:38:42,245] INFO: ✓ 'FW-CVV-I/C AMS -  30pair' (spec_name형): 140개 완료
[2025-09-29 03:38:42,245] DEBUG:       - 규격 'FW-CVV-I/C AMS -  30pair' 처리 완료 ✓
[2025-09-29 03:38:42,246] INFO:       규격 처리 완료 - 총 10개 중 성공: 10개, 실패: 0개
[2025-09-29 03:38:42,246] INFO:   - '절연난연시스알루미늄마일라테이프차폐제어케이블(FW-CVV-AMSㆍI/C AMS)' 데이터 수집 완료 (총 1400개 규격)
[2025-09-29 03:38:42,246] INFO:   - 소분류 '절연난연시스알루미늄마일라테이프차폐제어케이블(FW-CVV-AMSㆍI/C AMS)' 데이터 처리 및 저장 시작
[2025-09-29 03:38:42,265] INFO: 📊 저장 시도: 1400개 데이터 → 'kpi_price_data' 테이블
[2025-09-29 03:38:42,272] INFO: ✅ 유효성 검증 완료: 1400개
[2025-09-29 03:38:42,272] INFO: 🔍 카테고리 처리: 전기자재 > 제어용케이블 > 절연난연시스알루미늄마일라테이프차폐제어케이블(FW-CVV-AMSㆍI/C AMS) (1400개)
[2025-09-29 03:38:42,273] INFO: 🔍 배치 중복 검사: 전체 소분류 데이터 조회 시작
[2025-09-29 03:38:42,609] INFO:     📅 날짜 범위 필터: 2020-01-01 ~ 2025-10-01
[2025-09-29 03:38:42,836] INFO: ✅ 기존 데이터 캐시 생성 완료:
[2025-09-29 03:38:42,836] INFO:     📊 총 데이터: 1000개
[2025-09-29 03:38:42,837] INFO:     🔧 규격 수: 2개
[2025-09-29 03:38:42,837] INFO:     📅 날짜 수: 70개
[2025-09-29 03:38:42,838] INFO: 🔄 메모리 기반 중복 필터링 시작: 1400개 데이터 처리
[2025-09-29 03:38:42,839] INFO: ✅ 중복 필터링 완료:
[2025-09-29 03:38:42,839] INFO:     🗑️  중복 제거: 1000개
[2025-09-29 03:38:42,839] INFO:     ✨ 신규 데이터: 400개
[2025-09-29 03:38:43,728] INFO:     ✅ 청크 1: 400개 저장 완료
[2025-09-29 03:38:43,728] INFO:     📊 카테고리 저장 완료: 400개
[2025-09-29 03:38:43,728] INFO: 🎉 최적화된 배치 저장 완료: 총 400개 데이터
[2025-09-29 03:38:43,729] INFO: ✅ 저장 완료: 400개 데이터
[2025-09-29 03:38:43,729] INFO:   ✅ '절연난연시스알루미늄마일라테이프차폐제어케이블(FW-CVV-AMSㆍI/C AMS)' 완료: 1400개 데이터 → Supabase 저장 400개 성공
[2025-09-29 03:38:43,760] INFO:     페이지 닫기 완료: 절연난연시스알루미늄마일라테이프차폐제어케이블(FW-CVV-AMSㆍI/C AMS)
[2025-09-29 03:38:43,761] INFO:     중분류 '제어용케이블' 완료: 1/1개 성공, 0개 실패
[2025-09-29 03:38:43,761] INFO:     중분류 '제어용케이블' 완료: 1/1개 성공
[2025-09-29 03:38:43,761] INFO:   [SKIP] 타겟 중분류가 아님: '소방용케이블' 건너뜁니다.
[2025-09-29 03:38:43,761] INFO:   [SKIP] 타겟 중분류가 아님: '통신용케이블' 건너뜁니다.
[2025-09-29 03:38:43,761] INFO:   [SKIP] 타겟 중분류가 아님: '기타특수케이블' 건너뜁니다.
[2025-09-29 03:38:43,762] INFO:   [SKIP] 타겟 중분류가 아님: '전선원부자재' 건너뜁니다.
[2025-09-29 03:38:43,762] INFO:   [SKIP] 타겟 중분류가 아님: '전선관' 건너뜁니다.
[2025-09-29 03:38:43,762] INFO:   [SKIP] 타겟 중분류가 아님: '전선관로재' 건너뜁니다.
[2025-09-29 03:38:43,762] INFO:   [SKIP] 타겟 중분류가 아님: '전력기기' 건너뜁니다.
[2025-09-29 03:38:43,762] INFO:   [SKIP] 타겟 중분류가 아님: '배전기기' 건너뜁니다.
[2025-09-29 03:38:43,763] INFO:   [SKIP] 타겟 중분류가 아님: '절연재료' 건너뜁니다.
[2025-09-29 03:38:43,763] INFO:   [SKIP] 타겟 중분류가 아님: '수ㆍ배전반' 건너뜁니다.
[2025-09-29 03:38:43,763] INFO:   [SKIP] 타겟 중분류가 아님: '배전제어기기' 건너뜁니다.
[2025-09-29 03:38:43,763] INFO:   [SKIP] 타겟 중분류가 아님: '자동화기기' 건너뜁니다.
[2025-09-29 03:38:43,763] INFO:   [SKIP] 타겟 중분류가 아님: '계전기기' 건너뜁니다.
[2025-09-29 03:38:43,764] INFO:   [SKIP] 타겟 중분류가 아님: '접지ㆍ피뢰자재' 건너뜁니다.
[2025-09-29 03:38:43,764] INFO:   [SKIP] 타겟 중분류가 아님: '배선기구' 건너뜁니다.
[2025-09-29 03:38:43,764] INFO:   [SKIP] 타겟 중분류가 아님: '조명기구' 건너뜁니다.
[2025-09-29 03:38:43,764] INFO:   [SKIP] 타겟 중분류가 아님: '전등' 건너뜁니다.
[2025-09-29 03:38:43,764] INFO:   [SKIP] 타겟 중분류가 아님: '안정기' 건너뜁니다.
[2025-09-29 03:38:43,764] INFO:   [SKIP] 타겟 중분류가 아님: '전주' 건너뜁니다.
[2025-09-29 03:38:43,765] INFO:   [SKIP] 타겟 중분류가 아님: '가선철물' 건너뜁니다.
[2025-09-29 03:38:43,765] INFO:   [SKIP] 타겟 중분류가 아님: '교통신호장치' 건너뜁니다.
[2025-09-29 03:38:43,765] INFO:   [SKIP] 타겟 중분류가 아님: '전광게시물' 건너뜁니다.
[2025-09-29 03:38:43,766] INFO:   [SKIP] 타겟 중분류가 아님: '전지' 건너뜁니다.
[2025-09-29 03:38:43,766] INFO: 
=== 최종 배치 처리: 1개 소분류 ===

[2025-09-29 03:38:43,766] INFO: 
=== 배치 처리 시작: 1개 소분류 ===

[2025-09-29 03:38:43,766] INFO:   - 절연난연시스알루미늄마일라테이프차폐제어케이블(FW-CVV-AMSㆍI/C AMS): 처리할 데이터 없음 (원인 미상)
[2025-09-29 03:38:43,767] INFO: 
=== 배치 처리 완료: pandas 가공 0개, supabase 저장 0개 ===

[2025-09-29 03:38:43,767] INFO: 
🟢 === 크롤링 완료: 총 1개 소분류 처리됨 === 🟢

[2025-09-29 03:38:44,096] INFO: ✓ 🟢 sub_only 모드 크롤링 완료
[2025-09-29 03:55:53,924] DEBUG: DEBUG: if __name__ == "__main__" 블록 진입 (kpi_crawler.py)
[2025-09-29 03:55:53,931] DEBUG: DEBUG: main 함수 시작 (kpi_crawler.py)
[2025-09-29 03:55:53,932] DEBUG: DEBUG: 로그 파일 경로: c:\JAJE\materials-dashboard\crawler\kpi_crawler_debug.log
[2025-09-29 03:55:53,932] INFO: 크롤링 설정:
[2025-09-29 03:55:53,932] INFO:   - 모드: sub_only
[2025-09-29 03:55:53,933] INFO:   - 대분류: 전기자재
[2025-09-29 03:55:53,933] INFO:   - 중분류: 제어용케이블
[2025-09-29 03:55:53,933] INFO:   - 소분류: 절연난연시스알루미늄마일라테이프차폐제어케이블(FW-CVV-AMSㆍI/C AMS)
[2025-09-29 03:55:53,933] INFO:   - 시작 시점: 2020-01
[2025-09-29 03:55:53,933] INFO:   - 캐시 우회: True
[2025-09-29 03:55:53,933] INFO: ✓ === sub_only 모드: '절연난연시스알루미늄마일라테이프차폐제어케이블(FW-CVV-AMSㆍI/C AMS)' 소분류만 크롤링 ===
[2025-09-29 03:55:53,934] INFO: 소분류 '절연난연시스알루미늄마일라테이프차폐제어케이블(FW-CVV-AMSㆍI/C AMS)'를 찾았습니다: 전기자재 > 제어용케이블 > 절연난연시스알루미늄마일라테이프차폐제어케이블(FW-CVV-AMSㆍI/C AMS)
[2025-09-29 03:55:53,934] INFO: JSONC 포함 항목 캐싱 완료: 33개 소분류
[2025-09-29 03:55:53,934] INFO: 크롤러 초기화 - 크롤링 모드: sub_only
[2025-09-29 03:55:53,934] INFO:   타겟 대분류: 전기자재
[2025-09-29 03:55:53,934] INFO:   타겟 중분류: 제어용케이블
[2025-09-29 03:55:53,934] INFO:   타겟 소분류: 절연난연시스알루미늄마일라테이프차폐제어케이블(FW-CVV-AMSㆍI/C AMS)
[2025-09-29 03:55:53,935] INFO:   시작날짜: 2020-01
[2025-09-29 03:55:53,935] INFO:   캐시 우회 모드: True
[2025-09-29 03:55:54,895] INFO: 기존 인증 상태 로드
[2025-09-29 03:55:55,316] INFO: 로그인 시도 1/3
[2025-09-29 03:56:00,211] INFO: 기존 로그인 세션 유효 (URL 기준)
[2025-09-29 03:56:00,224] INFO: 종합물가정보 카테고리 페이지로 이동합니다.
[2025-09-29 03:56:05,467] INFO: 팝업 닫기 처리 완료
[2025-09-29 03:56:05,532] INFO: Right Quick 메뉴를 숨겼습니다.
[2025-09-29 03:56:05,532] INFO: ✓ 카테고리 페이지 이동 완료
[2025-09-29 03:56:05,738] INFO: 대분류 '전기자재' 크롤링 시작...
[2025-09-29 03:56:06,586] INFO: 페이지 로딩을 위한 기본 대기 시간 적용 (10초)
[2025-09-29 03:56:16,609] INFO: openSub() 버튼을 클릭하여 모든 분류를 펼칩니다.
[2025-09-29 03:56:21,705] INFO: 중분류 요소들이 화면에 완전히 로드되었습니다.
[2025-09-29 03:56:21,723] INFO: 페이지 HTML 샘플 (part-ttl 관련): part-ttl">
							<a href="category.asp?CATE_CD=104501">
								절연전선
							</a>
						</div>
						<ul class="part-list">
							
							<li title="내열비닐절연전선(HIV)">
								<a href="detail.asp?CATE_CD=10450107">
									내열비닐절연전선(HIV)
								</a>
							</li>
							
							<li title="난연PVC절연접지용전선(F-GV)">
								<a href="detail.asp?CATE_CD=10450116">
									난연PVC절연접지용전선(F-GV)
								</a>
							</li>
							
							<li title="저독난연가교폴리올레핀절연전선(HFIX)">
								<a href="detail.asp?CATE_CD=10450123">
									저독난연가교폴리올레핀절연전선(HFIX)
								</a>
							</li>
							
							<li title="난연성폴리프렉스구출선(MLFC)">
								<a href="detail.asp?CATE_CD=10450130">
									난연성폴리프렉스구출선(MLFC)
								</a>
							</li>
							
							<li title="옥외용비닐절연전선(OW)">
								<a href="detail.asp?CATE_CD=10450111">
									옥외용비닐절연전선(OW)
								</a>
							</li>
							
							<li title="인입용비닐절연전선(DV)">
								<a href="detail.asp?CATE_CD=10450112">
									인입용비닐절연전선(DV)
								</a>
							</li>
							
						
[2025-09-29 03:56:21,738] INFO:   발견된 중분류 개수: 26
[2025-09-29 03:56:21,763] INFO:   발견된 중분류: '절연전선' (CATE_CD: category.asp?CATE_CD=104501)
[2025-09-29 03:56:21,785] INFO:   발견된 중분류: '전력케이블' (CATE_CD: category.asp?CATE_CD=104504)
[2025-09-29 03:56:21,801] INFO:   발견된 중분류: '제어용케이블' (CATE_CD: category.asp?CATE_CD=104507)
[2025-09-29 03:56:21,822] INFO:   발견된 중분류: '소방용케이블' (CATE_CD: category.asp?CATE_CD=104513)
[2025-09-29 03:56:21,839] INFO:   발견된 중분류: '통신용케이블' (CATE_CD: category.asp?CATE_CD=104516)
[2025-09-29 03:56:21,855] INFO:   발견된 중분류: '기타특수케이블' (CATE_CD: category.asp?CATE_CD=104587)
[2025-09-29 03:56:21,876] INFO:   발견된 중분류: '전선원부자재' (CATE_CD: category.asp?CATE_CD=104521)
[2025-09-29 03:56:21,897] INFO:   발견된 중분류: '전선관' (CATE_CD: category.asp?CATE_CD=104524)
[2025-09-29 03:56:21,919] INFO:   발견된 중분류: '전선관로재' (CATE_CD: category.asp?CATE_CD=104526)
[2025-09-29 03:56:21,942] INFO:   발견된 중분류: '전력기기' (CATE_CD: category.asp?CATE_CD=104530)
[2025-09-29 03:56:21,959] INFO:   발견된 중분류: '배전기기' (CATE_CD: category.asp?CATE_CD=104533)
[2025-09-29 03:56:21,975] INFO:   발견된 중분류: '절연재료' (CATE_CD: category.asp?CATE_CD=104569)
[2025-09-29 03:56:21,996] INFO:   발견된 중분류: '수ㆍ배전반' (CATE_CD: category.asp?CATE_CD=104539)
[2025-09-29 03:56:22,024] INFO:   발견된 중분류: '배전제어기기' (CATE_CD: category.asp?CATE_CD=104542)
[2025-09-29 03:56:22,045] INFO:   발견된 중분류: '자동화기기' (CATE_CD: category.asp?CATE_CD=104545)
[2025-09-29 03:56:22,063] INFO:   발견된 중분류: '계전기기' (CATE_CD: category.asp?CATE_CD=104548)
[2025-09-29 03:56:22,078] INFO:   발견된 중분류: '접지ㆍ피뢰자재' (CATE_CD: category.asp?CATE_CD=104551)
[2025-09-29 03:56:22,096] INFO:   발견된 중분류: '배선기구' (CATE_CD: category.asp?CATE_CD=104554)
[2025-09-29 03:56:22,114] INFO:   발견된 중분류: '조명기구' (CATE_CD: category.asp?CATE_CD=104557)
[2025-09-29 03:56:22,133] INFO:   발견된 중분류: '전등' (CATE_CD: category.asp?CATE_CD=104560)
[2025-09-29 03:56:22,151] INFO:   발견된 중분류: '안정기' (CATE_CD: category.asp?CATE_CD=104563)
[2025-09-29 03:56:22,169] INFO:   발견된 중분류: '전주' (CATE_CD: category.asp?CATE_CD=104566)
[2025-09-29 03:56:22,190] INFO:   발견된 중분류: '가선철물' (CATE_CD: category.asp?CATE_CD=104573)
[2025-09-29 03:56:22,206] INFO:   발견된 중분류: '교통신호장치' (CATE_CD: category.asp?CATE_CD=104577)
[2025-09-29 03:56:22,224] INFO:   발견된 중분류: '전광게시물' (CATE_CD: category.asp?CATE_CD=104580)
[2025-09-29 03:56:22,240] INFO:   발견된 중분류: '전지' (CATE_CD: category.asp?CATE_CD=104586)
[2025-09-29 03:56:22,240] INFO:   [SKIP] 타겟 중분류가 아님: '절연전선' 건너뜁니다.
[2025-09-29 03:56:22,240] INFO:   [SKIP] 타겟 중분류가 아님: '전력케이블' 건너뜁니다.
[2025-09-29 03:56:22,240] INFO:   중분류 '제어용케이블' 포함 (타겟 중분류 일치)
[2025-09-29 03:56:22,241] INFO:   중분류 '제어용케이블' 페이지로 이동: https://www.kpi.or.kr/www/price/category.asp?CATE_CD=104507
[2025-09-29 03:56:35,419] INFO:   페이지 HTML 길이: 145426 characters
[2025-09-29 03:56:35,425] INFO:   subcate-up div 내용 길이: 1208 characters
[2025-09-29 03:56:35,426] INFO:   subcate-up div 내용: 
						<ul>
                        
							
							<li title="절연저독성난연폴리올레핀시스제어용케이블(HFCCO)">
								<a href="detail.asp?CATE_CD=10450712" style="font-weight:normal;letter-spacing:-1px;">절연저독성난연폴리올레핀시...
[2025-09-29 03:56:35,431] INFO:     발견된 소분류 링크 개수: 6
[2025-09-29 03:56:35,443] INFO:     발견된 소분류: '절연저독성난연폴리올레핀시스제어용케이블(HFCCO)'
[2025-09-29 03:56:35,443] INFO:     링크: detail.asp?CATE_CD=10450712
[2025-09-29 03:56:35,453] INFO:     발견된 소분류: '절연저독성난연폴리올레핀시스차폐제어용케이블(HFCCO-SㆍSB)'
[2025-09-29 03:56:35,453] INFO:     링크: detail.asp?CATE_CD=10450713
[2025-09-29 03:56:35,465] INFO:     발견된 소분류: '절연저독성난연폴리올레핀시스알루미늄마일라테이프제어용케이블(HFCCO-AMSㆍI/C AMS)'
[2025-09-29 03:56:35,466] INFO:     링크: detail.asp?CATE_CD=10450714
[2025-09-29 03:56:35,476] INFO:     발견된 소분류: '절연난연시스제어케이블(FW-CVV)'
[2025-09-29 03:56:35,477] INFO:     링크: detail.asp?CATE_CD=10450707
[2025-09-29 03:56:35,488] INFO:     발견된 소분류: '절연난연시스제어차폐케이블(FW-CVV-SㆍSB)'
[2025-09-29 03:56:35,488] INFO:     링크: detail.asp?CATE_CD=10450708
[2025-09-29 03:56:35,498] INFO:     발견된 소분류: '절연난연시스알루미늄마일라테이프차폐제어케이블(FW-CVV-AMSㆍI/C AMS)'
[2025-09-29 03:56:35,499] INFO:     링크: detail.asp?CATE_CD=10450711
[2025-09-29 03:56:35,499] INFO:     중분류 '제어용케이블' - 발견된 소분류 개수: 6
[2025-09-29 03:56:35,499] INFO:     [DEBUG] 타겟 소분류: '절연난연시스알루미늄마일라테이프차폐제어케이블(FW-CVV-AMSㆍI/C AMS)' (길이: 43)
[2025-09-29 03:56:35,499] INFO:     [DEBUG] 타겟 소분류 바이트: b'\xec\xa0\x88\xec\x97\xb0\xeb\x82\x9c\xec\x97\xb0\xec\x8b\x9c\xec\x8a\xa4\xec\x95\x8c\xeb\xa3\xa8\xeb\xaf\xb8\xeb\x8a\x84\xeb\xa7\x88\xec\x9d\xbc\xeb\x9d\xbc\xed\x85\x8c\xec\x9d\xb4\xed\x94\x84\xec\xb0\xa8\xed\x8f\x90\xec\xa0\x9c\xec\x96\xb4\xec\xbc\x80\xec\x9d\xb4\xeb\xb8\x94(FW-CVV-AMS\xe3\x86\x8dI/C AMS)'
[2025-09-29 03:56:35,502] INFO:     [DEBUG] 타겟 소분류 정규화: '절연난연시스알루미늄마일라테이프차폐제어케이블(FW-CVV-AMSᆞI/C AMS)'
[2025-09-29 03:56:35,503] INFO:     [DEBUG] 웹사이트 소분류: '절연저독성난연폴리올레핀시스제어용케이블(HFCCO)' -> 정규화: '절연저독성난연폴리올레핀시스제어용케이블(HFCCO)'
[2025-09-29 03:56:35,503] INFO:     [DEBUG] 타겟 소분류 정규화 값: '절연난연시스알루미늄마일라테이프차폐제어케이블(FW-CVV-AMSᆞI/C AMS)'
[2025-09-29 03:56:35,503] INFO:     [DEBUG] 웹사이트 소분류 정규화 값: '절연저독성난연폴리올레핀시스제어용케이블(HFCCO)'
[2025-09-29 03:56:35,503] INFO:     [DEBUG] 정규화된 문자열 비교 결과: False
[2025-09-29 03:56:35,504] INFO:     [SKIP] 타겟 소분류가 아님 (괄호 포함): '절연저독성난연폴리올레핀시스제어용케이블(HFCCO)' 건너뜁니다.
[2025-09-29 03:56:35,504] INFO:     [DEBUG] 웹사이트 소분류: '절연저독성난연폴리올레핀시스차폐제어용케이블(HFCCO-SㆍSB)' -> 정규화: '절연저독성난연폴리올레핀시스차폐제어용케이블(HFCCO-SᆞSB)'
[2025-09-29 03:56:35,505] INFO:     [DEBUG] 타겟 소분류 정규화 값: '절연난연시스알루미늄마일라테이프차폐제어케이블(FW-CVV-AMSᆞI/C AMS)'
[2025-09-29 03:56:35,505] INFO:     [DEBUG] 웹사이트 소분류 정규화 값: '절연저독성난연폴리올레핀시스차폐제어용케이블(HFCCO-SᆞSB)'
[2025-09-29 03:56:35,505] INFO:     [DEBUG] 정규화된 문자열 비교 결과: False
[2025-09-29 03:56:35,505] INFO:     [SKIP] 타겟 소분류가 아님 (괄호 포함): '절연저독성난연폴리올레핀시스차폐제어용케이블(HFCCO-SㆍSB)' 건너뜁니다.
[2025-09-29 03:56:35,506] INFO:     [DEBUG] 웹사이트 소분류: '절연저독성난연폴리올레핀시스알루미늄마일라테이프제어용케이블(HFCCO-AMSㆍI/C AMS)' -> 정규화: '절연저독성난연폴리올레핀시스알루미늄마일라테이프제어용케이블(HFCCO-AMSᆞI/C AMS)'
[2025-09-29 03:56:35,506] INFO:     [DEBUG] 타겟 소분류 정규화 값: '절연난연시스알루미늄마일라테이프차폐제어케이블(FW-CVV-AMSᆞI/C AMS)'
[2025-09-29 03:56:35,506] INFO:     [DEBUG] 웹사이트 소분류 정규화 값: '절연저독성난연폴리올레핀시스알루미늄마일라테이프제어용케이블(HFCCO-AMSᆞI/C AMS)'
[2025-09-29 03:56:35,506] INFO:     [DEBUG] 정규화된 문자열 비교 결과: False
[2025-09-29 03:56:35,507] INFO:     [SKIP] 타겟 소분류가 아님 (괄호 포함): '절연저독성난연폴리올레핀시스알루미늄마일라테이프제어용케이블(HFCCO-AMSㆍI/C AMS)' 건너뜁니다.
[2025-09-29 03:56:35,507] INFO:     [DEBUG] 웹사이트 소분류: '절연난연시스제어케이블(FW-CVV)' -> 정규화: '절연난연시스제어케이블(FW-CVV)'
[2025-09-29 03:56:35,507] INFO:     [DEBUG] 타겟 소분류 정규화 값: '절연난연시스알루미늄마일라테이프차폐제어케이블(FW-CVV-AMSᆞI/C AMS)'
[2025-09-29 03:56:35,507] INFO:     [DEBUG] 웹사이트 소분류 정규화 값: '절연난연시스제어케이블(FW-CVV)'
[2025-09-29 03:56:35,507] INFO:     [DEBUG] 정규화된 문자열 비교 결과: False
[2025-09-29 03:56:35,508] INFO:     [SKIP] 타겟 소분류가 아님 (괄호 포함): '절연난연시스제어케이블(FW-CVV)' 건너뜁니다.
[2025-09-29 03:56:35,508] INFO:     [DEBUG] 웹사이트 소분류: '절연난연시스제어차폐케이블(FW-CVV-SㆍSB)' -> 정규화: '절연난연시스제어차폐케이블(FW-CVV-SᆞSB)'
[2025-09-29 03:56:35,508] INFO:     [DEBUG] 타겟 소분류 정규화 값: '절연난연시스알루미늄마일라테이프차폐제어케이블(FW-CVV-AMSᆞI/C AMS)'
[2025-09-29 03:56:35,508] INFO:     [DEBUG] 웹사이트 소분류 정규화 값: '절연난연시스제어차폐케이블(FW-CVV-SᆞSB)'
[2025-09-29 03:56:35,508] INFO:     [DEBUG] 정규화된 문자열 비교 결과: False
[2025-09-29 03:56:35,509] INFO:     [SKIP] 타겟 소분류가 아님 (괄호 포함): '절연난연시스제어차폐케이블(FW-CVV-SㆍSB)' 건너뜁니다.
[2025-09-29 03:56:35,509] INFO:     [DEBUG] 웹사이트 소분류: '절연난연시스알루미늄마일라테이프차폐제어케이블(FW-CVV-AMSㆍI/C AMS)' -> 정규화: '절연난연시스알루미늄마일라테이프차폐제어케이블(FW-CVV-AMSᆞI/C AMS)'
[2025-09-29 03:56:35,509] INFO:     [DEBUG] 타겟 소분류 정규화 값: '절연난연시스알루미늄마일라테이프차폐제어케이블(FW-CVV-AMSᆞI/C AMS)'
[2025-09-29 03:56:35,509] INFO:     [DEBUG] 웹사이트 소분류 정규화 값: '절연난연시스알루미늄마일라테이프차폐제어케이블(FW-CVV-AMSᆞI/C AMS)'
[2025-09-29 03:56:35,509] INFO:     [DEBUG] 정규화된 문자열 비교 결과: True
[2025-09-29 03:56:35,509] INFO:     [MATCH] 소분류 매칭 성공 (정확 일치): '절연난연시스알루미늄마일라테이프차폐제어케이블(FW-CVV-AMSㆍI/C AMS)'
[2025-09-29 03:56:35,509] INFO:     중분류 '제어용케이블': 1개 소분류를 병렬로 처리합니다.
[2025-09-29 03:56:35,510] INFO:   - 중분류 '제어용케이블' > 소분류 '절연난연시스알루미늄마일라테이프차폐제어케이블(FW-CVV-AMSㆍI/C AMS)' 데이터 수집 시작
[2025-09-29 03:56:35,565] INFO:     새 페이지 생성: 절연난연시스알루미늄마일라테이프차폐제어케이블(FW-CVV-AMSㆍI/C AMS)
[2025-09-29 03:56:38,643] INFO: [DEBUG] 대분류 '전기자재' 발견
[2025-09-29 03:56:38,644] INFO: [DEBUG] 중분류 '제어용케이블' 발견
[2025-09-29 03:56:38,645] INFO: [DEBUG] 중분류 데이터 키들: ['절연난연시스제어케이블(FW-CVV)', '절연난연시스제어차폐케이블(FW-CVV-SㆍSB)', '절연난연시스알루미늄마일라테이프차폐제어케이블(FW-CVV-AMSㆍI/C AMS)']
[2025-09-29 03:56:38,645] INFO: [DEBUG] 소분류 '절연난연시스알루미늄마일라테이프차폐제어케이블(FW-CVV-AMSㆍI/C AMS)' 정확 매칭 성공
[2025-09-29 03:56:38,646] INFO: JSONC 단위 정보 발견: 전기자재 > 제어용케이블 > 절연난연시스알루미늄마일라테이프차폐제어케이블(FW-CVV-AMSㆍI/C AMS) = m
[2025-09-29 03:56:38,646] INFO:     ✅ JSONC 파일에서 단위 추출: m
[2025-09-29 03:56:45,701] INFO:     ✅ 물가추이 보기 탭 클릭 성공 (셀렉터: a:has-text("물가추이 보기"))
[2025-09-29 03:56:48,705] DEBUG:     - 페이지에서 감지된 총 규격 옵션 수: 10
[2025-09-29 03:56:48,719] DEBUG:     - 규격 옵션 1: value='10011', name='FW-CVV-AMS -  1pair'
[2025-09-29 03:56:48,719] DEBUG:     - 유효한 규격으로 추가됨: FW-CVV-AMS -  1pair (value: 10011)
[2025-09-29 03:56:48,730] DEBUG:     - 규격 옵션 2: value='10021', name='FW-CVV-I/C AMS -  2pair'
[2025-09-29 03:56:48,730] DEBUG:     - 유효한 규격으로 추가됨: FW-CVV-I/C AMS -  2pair (value: 10021)
[2025-09-29 03:56:48,741] DEBUG:     - 규격 옵션 3: value='10031', name='FW-CVV-I/C AMS -  3pair'
[2025-09-29 03:56:48,741] DEBUG:     - 유효한 규격으로 추가됨: FW-CVV-I/C AMS -  3pair (value: 10031)
[2025-09-29 03:56:48,752] DEBUG:     - 규격 옵션 4: value='10041', name='FW-CVV-I/C AMS -  4pair'
[2025-09-29 03:56:48,753] DEBUG:     - 유효한 규격으로 추가됨: FW-CVV-I/C AMS -  4pair (value: 10041)
[2025-09-29 03:56:48,763] DEBUG:     - 규격 옵션 5: value='10051', name='FW-CVV-I/C AMS -  5pair'
[2025-09-29 03:56:48,763] DEBUG:     - 유효한 규격으로 추가됨: FW-CVV-I/C AMS -  5pair (value: 10051)
[2025-09-29 03:56:48,775] DEBUG:     - 규격 옵션 6: value='10061', name='FW-CVV-I/C AMS -  10pair'
[2025-09-29 03:56:48,775] DEBUG:     - 유효한 규격으로 추가됨: FW-CVV-I/C AMS -  10pair (value: 10061)
[2025-09-29 03:56:48,787] DEBUG:     - 규격 옵션 7: value='10071', name='FW-CVV-I/C AMS -  15pair'
[2025-09-29 03:56:48,787] DEBUG:     - 유효한 규격으로 추가됨: FW-CVV-I/C AMS -  15pair (value: 10071)
[2025-09-29 03:56:48,799] DEBUG:     - 규격 옵션 8: value='10081', name='FW-CVV-I/C AMS -  20pair'
[2025-09-29 03:56:48,799] DEBUG:     - 유효한 규격으로 추가됨: FW-CVV-I/C AMS -  20pair (value: 10081)
[2025-09-29 03:56:48,810] DEBUG:     - 규격 옵션 9: value='10091', name='FW-CVV-I/C AMS -  25pair'
[2025-09-29 03:56:48,810] DEBUG:     - 유효한 규격으로 추가됨: FW-CVV-I/C AMS -  25pair (value: 10091)
[2025-09-29 03:56:48,822] DEBUG:     - 규격 옵션 10: value='10101', name='FW-CVV-I/C AMS -  30pair'
[2025-09-29 03:56:48,822] DEBUG:     - 유효한 규격으로 추가됨: FW-CVV-I/C AMS -  30pair (value: 10101)
[2025-09-29 03:56:48,822] DEBUG:     - 최종 유효 규격 목록: ['FW-CVV-AMS -  1pair', 'FW-CVV-I/C AMS -  2pair', 'FW-CVV-I/C AMS -  3pair', 'FW-CVV-I/C AMS -  4pair', 'FW-CVV-I/C AMS -  5pair', 'FW-CVV-I/C AMS -  10pair', 'FW-CVV-I/C AMS -  15pair', 'FW-CVV-I/C AMS -  20pair', 'FW-CVV-I/C AMS -  25pair', 'FW-CVV-I/C AMS -  30pair']
[2025-09-29 03:56:48,822] DEBUG:     - 최종 유효 규격 수: 10
[2025-09-29 03:56:48,822] INFO:     - 총 10개 유효한 규격을 최적화된 순차 처리로 진행합니다.
[2025-09-29 03:56:48,822] DEBUG:     - 규격 목록: ['FW-CVV-AMS -  1pair', 'FW-CVV-I/C AMS -  2pair', 'FW-CVV-I/C AMS -  3pair', 'FW-CVV-I/C AMS -  4pair', 'FW-CVV-I/C AMS -  5pair', 'FW-CVV-I/C AMS -  10pair', 'FW-CVV-I/C AMS -  15pair', 'FW-CVV-I/C AMS -  20pair', 'FW-CVV-I/C AMS -  25pair', 'FW-CVV-I/C AMS -  30pair']
[2025-09-29 03:56:48,822] INFO:       단위: m
[2025-09-29 03:56:48,823] DEBUG:       _process_specs_optimized 시작 - 처리할 규격 수: 10
[2025-09-29 03:56:48,823] INFO:       - 규격 1/10: 'FW-CVV-AMS -  1pair' 조회 중...
[2025-09-29 03:56:48,823] DEBUG:       - 규격 상세정보: value='10011', name='FW-CVV-AMS -  1pair'
[2025-09-29 03:56:50,723] INFO:         - 기존 데이터 없음: 전체 추출 필요
[2025-09-29 03:56:50,724] DEBUG:       - 기존 데이터 확인 완료: 0개 날짜
[2025-09-29 03:56:50,724] DEBUG:       - 규격 선택 시도: #ITEM_SPEC_CD -> 10011
[2025-09-29 03:56:51,751] DEBUG:       - 규격 선택 성공 (시도 1/3)
[2025-09-29 03:56:51,751] DEBUG:       - 규격 선택 완료 및 페이지 로딩 대기 완료
[2025-09-29 03:56:51,751] DEBUG:       - 첫 번째 규격이므로 기간 설정 진행
[2025-09-29 03:56:51,995] INFO:         - 기간 설정 완료: 2020.01 ~ 2025.10
[2025-09-29 03:56:53,281] INFO:       - 자재: 'FW-CVV-AMS -  1pair' | 단위: m
[2025-09-29 03:56:53,360] INFO: 'FW-CVV-AMS -  1pair' (spec_name형): 발견된 상세규격들: ['1.5㎟', '2.5㎟']
[2025-09-29 03:56:53,376] INFO:         - 날짜 헤더 변환 예시: 2020.01 -> 2020-01-01
[2025-09-29 03:56:53,975] INFO: 진행: 50개 추출됨
[2025-09-29 03:56:54,463] INFO: 진행: 100개 추출됨
[2025-09-29 03:56:54,962] INFO: ✓ 'FW-CVV-AMS -  1pair' (spec_name형): 140개 완료
[2025-09-29 03:56:54,963] DEBUG:       - 규격 'FW-CVV-AMS -  1pair' 처리 완료 ✓
[2025-09-29 03:56:54,963] INFO:       - 규격 2/10: 'FW-CVV-I/C AMS -  2pair' 조회 중...
[2025-09-29 03:56:54,963] DEBUG:       - 규격 상세정보: value='10021', name='FW-CVV-I/C AMS -  2pair'
[2025-09-29 03:56:55,219] INFO:         - 기존 데이터 없음: 전체 추출 필요
[2025-09-29 03:56:55,219] DEBUG:       - 기존 데이터 확인 완료: 0개 날짜
[2025-09-29 03:56:55,220] DEBUG:       - 규격 선택 시도: #ITEM_SPEC_CD -> 10021
[2025-09-29 03:56:56,260] DEBUG:       - 규격 선택 성공 (시도 1/3)
[2025-09-29 03:56:56,260] DEBUG:       - 규격 선택 완료 및 페이지 로딩 대기 완료
[2025-09-29 03:56:57,969] INFO:       - 자재: 'FW-CVV-I/C AMS -  2pair' | 단위: m
[2025-09-29 03:56:58,027] INFO: 'FW-CVV-I/C AMS -  2pair' (spec_name형): 발견된 상세규격들: ['1.5㎟', '2.5㎟']
[2025-09-29 03:56:58,678] INFO: 진행: 50개 추출됨
[2025-09-29 03:56:59,438] INFO: 진행: 100개 추출됨
[2025-09-29 03:56:59,996] INFO: ✓ 'FW-CVV-I/C AMS -  2pair' (spec_name형): 140개 완료
[2025-09-29 03:56:59,996] DEBUG:       - 규격 'FW-CVV-I/C AMS -  2pair' 처리 완료 ✓
[2025-09-29 03:56:59,996] INFO:       - 규격 3/10: 'FW-CVV-I/C AMS -  3pair' 조회 중...
[2025-09-29 03:56:59,996] DEBUG:       - 규격 상세정보: value='10031', name='FW-CVV-I/C AMS -  3pair'
[2025-09-29 03:57:00,251] INFO:         - 기존 데이터 없음: 전체 추출 필요
[2025-09-29 03:57:00,252] DEBUG:       - 기존 데이터 확인 완료: 0개 날짜
[2025-09-29 03:57:00,252] DEBUG:       - 규격 선택 시도: #ITEM_SPEC_CD -> 10031
[2025-09-29 03:57:01,292] DEBUG:       - 규격 선택 성공 (시도 1/3)
[2025-09-29 03:57:01,292] DEBUG:       - 규격 선택 완료 및 페이지 로딩 대기 완료
[2025-09-29 03:57:02,721] INFO:       - 자재: 'FW-CVV-I/C AMS -  3pair' | 단위: m
[2025-09-29 03:57:02,788] INFO: 'FW-CVV-I/C AMS -  3pair' (spec_name형): 발견된 상세규격들: ['1.5㎟', '2.5㎟']
[2025-09-29 03:57:03,492] INFO: 진행: 50개 추출됨
[2025-09-29 03:57:04,238] INFO: 진행: 100개 추출됨
[2025-09-29 03:57:04,829] INFO: ✓ 'FW-CVV-I/C AMS -  3pair' (spec_name형): 140개 완료
[2025-09-29 03:57:04,829] DEBUG:       - 규격 'FW-CVV-I/C AMS -  3pair' 처리 완료 ✓
[2025-09-29 03:57:04,829] INFO:       - 규격 4/10: 'FW-CVV-I/C AMS -  4pair' 조회 중...
[2025-09-29 03:57:04,830] DEBUG:       - 규격 상세정보: value='10041', name='FW-CVV-I/C AMS -  4pair'
[2025-09-29 03:57:05,067] INFO:         - 기존 데이터 없음: 전체 추출 필요
[2025-09-29 03:57:05,068] DEBUG:       - 기존 데이터 확인 완료: 0개 날짜
[2025-09-29 03:57:05,068] DEBUG:       - 규격 선택 시도: #ITEM_SPEC_CD -> 10041
[2025-09-29 03:57:06,109] DEBUG:       - 규격 선택 성공 (시도 1/3)
[2025-09-29 03:57:06,109] DEBUG:       - 규격 선택 완료 및 페이지 로딩 대기 완료
[2025-09-29 03:57:07,839] INFO:       - 자재: 'FW-CVV-I/C AMS -  4pair' | 단위: m
[2025-09-29 03:57:07,907] INFO: 'FW-CVV-I/C AMS -  4pair' (spec_name형): 발견된 상세규격들: ['1.5㎟', '2.5㎟']
[2025-09-29 03:57:08,703] INFO: 진행: 50개 추출됨
[2025-09-29 03:57:09,424] INFO: 진행: 100개 추출됨
[2025-09-29 03:57:10,038] INFO: ✓ 'FW-CVV-I/C AMS -  4pair' (spec_name형): 140개 완료
[2025-09-29 03:57:10,039] DEBUG:       - 규격 'FW-CVV-I/C AMS -  4pair' 처리 완료 ✓
[2025-09-29 03:57:10,039] INFO:       - 규격 5/10: 'FW-CVV-I/C AMS -  5pair' 조회 중...
[2025-09-29 03:57:10,039] DEBUG:       - 규격 상세정보: value='10051', name='FW-CVV-I/C AMS -  5pair'
[2025-09-29 03:57:10,266] INFO:         - 기존 데이터 없음: 전체 추출 필요
[2025-09-29 03:57:10,266] DEBUG:       - 기존 데이터 확인 완료: 0개 날짜
[2025-09-29 03:57:10,267] DEBUG:       - 규격 선택 시도: #ITEM_SPEC_CD -> 10051
[2025-09-29 03:57:11,329] DEBUG:       - 규격 선택 성공 (시도 1/3)
[2025-09-29 03:57:11,329] DEBUG:       - 규격 선택 완료 및 페이지 로딩 대기 완료
[2025-09-29 03:57:13,004] INFO:       - 자재: 'FW-CVV-I/C AMS -  5pair' | 단위: m
[2025-09-29 03:57:13,080] INFO: 'FW-CVV-I/C AMS -  5pair' (spec_name형): 발견된 상세규격들: ['1.5㎟', '2.5㎟']
[2025-09-29 03:57:13,869] INFO: 진행: 50개 추출됨
[2025-09-29 03:57:14,699] INFO: 진행: 100개 추출됨
[2025-09-29 03:57:15,377] INFO: ✓ 'FW-CVV-I/C AMS -  5pair' (spec_name형): 140개 완료
[2025-09-29 03:57:15,377] DEBUG:       - 규격 'FW-CVV-I/C AMS -  5pair' 처리 완료 ✓
[2025-09-29 03:57:15,378] INFO:       - 규격 6/10: 'FW-CVV-I/C AMS -  10pair' 조회 중...
[2025-09-29 03:57:15,378] DEBUG:       - 규격 상세정보: value='10061', name='FW-CVV-I/C AMS -  10pair'
[2025-09-29 03:57:15,750] INFO:         - 기존 데이터 없음: 전체 추출 필요
[2025-09-29 03:57:15,750] DEBUG:       - 기존 데이터 확인 완료: 0개 날짜
[2025-09-29 03:57:15,750] DEBUG:       - 규격 선택 시도: #ITEM_SPEC_CD -> 10061
[2025-09-29 03:57:16,804] DEBUG:       - 규격 선택 성공 (시도 1/3)
[2025-09-29 03:57:16,804] DEBUG:       - 규격 선택 완료 및 페이지 로딩 대기 완료
[2025-09-29 03:57:18,683] INFO:       - 자재: 'FW-CVV-I/C AMS -  10pair' | 단위: m
[2025-09-29 03:57:18,751] INFO: 'FW-CVV-I/C AMS -  10pair' (spec_name형): 발견된 상세규격들: ['1.5㎟', '2.5㎟']
[2025-09-29 03:57:19,600] INFO: 진행: 50개 추출됨
[2025-09-29 03:57:20,343] INFO: 진행: 100개 추출됨
[2025-09-29 03:57:20,987] INFO: ✓ 'FW-CVV-I/C AMS -  10pair' (spec_name형): 140개 완료
[2025-09-29 03:57:20,987] DEBUG:       - 규격 'FW-CVV-I/C AMS -  10pair' 처리 완료 ✓
[2025-09-29 03:57:20,987] INFO:       - 규격 7/10: 'FW-CVV-I/C AMS -  15pair' 조회 중...
[2025-09-29 03:57:20,988] DEBUG:       - 규격 상세정보: value='10071', name='FW-CVV-I/C AMS -  15pair'
[2025-09-29 03:57:21,345] INFO:         - 기존 데이터 없음: 전체 추출 필요
[2025-09-29 03:57:21,346] DEBUG:       - 기존 데이터 확인 완료: 0개 날짜
[2025-09-29 03:57:21,346] DEBUG:       - 규격 선택 시도: #ITEM_SPEC_CD -> 10071
[2025-09-29 03:57:22,402] DEBUG:       - 규격 선택 성공 (시도 1/3)
[2025-09-29 03:57:22,403] DEBUG:       - 규격 선택 완료 및 페이지 로딩 대기 완료
[2025-09-29 03:57:23,963] INFO:       - 자재: 'FW-CVV-I/C AMS -  15pair' | 단위: m
[2025-09-29 03:57:24,035] INFO: 'FW-CVV-I/C AMS -  15pair' (spec_name형): 발견된 상세규격들: ['1.5㎟', '2.5㎟']
[2025-09-29 03:57:24,787] INFO: 진행: 50개 추출됨
[2025-09-29 03:57:25,612] INFO: 진행: 100개 추출됨
[2025-09-29 03:57:26,095] INFO: ✓ 'FW-CVV-I/C AMS -  15pair' (spec_name형): 140개 완료
[2025-09-29 03:57:26,096] DEBUG:       - 규격 'FW-CVV-I/C AMS -  15pair' 처리 완료 ✓
[2025-09-29 03:57:26,096] INFO:       - 규격 8/10: 'FW-CVV-I/C AMS -  20pair' 조회 중...
[2025-09-29 03:57:26,096] DEBUG:       - 규격 상세정보: value='10081', name='FW-CVV-I/C AMS -  20pair'
[2025-09-29 03:57:26,231] INFO:         - 기존 데이터 없음: 전체 추출 필요
[2025-09-29 03:57:26,232] DEBUG:       - 기존 데이터 확인 완료: 0개 날짜
[2025-09-29 03:57:26,232] DEBUG:       - 규격 선택 시도: #ITEM_SPEC_CD -> 10081
[2025-09-29 03:57:27,263] DEBUG:       - 규격 선택 성공 (시도 1/3)
[2025-09-29 03:57:27,263] DEBUG:       - 규격 선택 완료 및 페이지 로딩 대기 완료
[2025-09-29 03:57:28,707] INFO:       - 자재: 'FW-CVV-I/C AMS -  20pair' | 단위: m
[2025-09-29 03:57:28,782] INFO: 'FW-CVV-I/C AMS -  20pair' (spec_name형): 발견된 상세규격들: ['1.5㎟', '2.5㎟']
[2025-09-29 03:57:29,536] INFO: 진행: 50개 추출됨
[2025-09-29 03:57:30,141] INFO: 진행: 100개 추출됨
[2025-09-29 03:57:30,587] INFO: ✓ 'FW-CVV-I/C AMS -  20pair' (spec_name형): 140개 완료
[2025-09-29 03:57:30,587] DEBUG:       - 규격 'FW-CVV-I/C AMS -  20pair' 처리 완료 ✓
[2025-09-29 03:57:30,587] INFO:       - 규격 9/10: 'FW-CVV-I/C AMS -  25pair' 조회 중...
[2025-09-29 03:57:30,587] DEBUG:       - 규격 상세정보: value='10091', name='FW-CVV-I/C AMS -  25pair'
[2025-09-29 03:57:30,717] INFO:         - 기존 데이터 없음: 전체 추출 필요
[2025-09-29 03:57:30,718] DEBUG:       - 기존 데이터 확인 완료: 0개 날짜
[2025-09-29 03:57:30,718] DEBUG:       - 규격 선택 시도: #ITEM_SPEC_CD -> 10091
[2025-09-29 03:57:31,759] DEBUG:       - 규격 선택 성공 (시도 1/3)
[2025-09-29 03:57:31,759] DEBUG:       - 규격 선택 완료 및 페이지 로딩 대기 완료
[2025-09-29 03:57:33,264] INFO:       - 자재: 'FW-CVV-I/C AMS -  25pair' | 단위: m
[2025-09-29 03:57:33,342] INFO: 'FW-CVV-I/C AMS -  25pair' (spec_name형): 발견된 상세규격들: ['1.5㎟', '2.5㎟']
[2025-09-29 03:57:34,083] INFO: 진행: 50개 추출됨
[2025-09-29 03:57:34,690] INFO: 진행: 100개 추출됨
[2025-09-29 03:57:35,199] INFO: ✓ 'FW-CVV-I/C AMS -  25pair' (spec_name형): 140개 완료
[2025-09-29 03:57:35,200] DEBUG:       - 규격 'FW-CVV-I/C AMS -  25pair' 처리 완료 ✓
[2025-09-29 03:57:35,200] INFO:       - 규격 10/10: 'FW-CVV-I/C AMS -  30pair' 조회 중...
[2025-09-29 03:57:35,200] DEBUG:       - 규격 상세정보: value='10101', name='FW-CVV-I/C AMS -  30pair'
[2025-09-29 03:57:35,334] INFO:         - 기존 데이터 없음: 전체 추출 필요
[2025-09-29 03:57:35,334] DEBUG:       - 기존 데이터 확인 완료: 0개 날짜
[2025-09-29 03:57:35,334] DEBUG:       - 규격 선택 시도: #ITEM_SPEC_CD -> 10101
[2025-09-29 03:57:36,369] DEBUG:       - 규격 선택 성공 (시도 1/3)
[2025-09-29 03:57:36,369] DEBUG:       - 규격 선택 완료 및 페이지 로딩 대기 완료
[2025-09-29 03:57:37,838] INFO:       - 자재: 'FW-CVV-I/C AMS -  30pair' | 단위: m
[2025-09-29 03:57:37,896] INFO: 'FW-CVV-I/C AMS -  30pair' (spec_name형): 발견된 상세규격들: ['1.5㎟', '2.5㎟']
[2025-09-29 03:57:38,593] INFO: 진행: 50개 추출됨
[2025-09-29 03:57:39,262] INFO: 진행: 100개 추출됨
[2025-09-29 03:57:39,661] INFO: ✓ 'FW-CVV-I/C AMS -  30pair' (spec_name형): 140개 완료
[2025-09-29 03:57:39,662] DEBUG:       - 규격 'FW-CVV-I/C AMS -  30pair' 처리 완료 ✓
[2025-09-29 03:57:39,662] INFO:       규격 처리 완료 - 총 10개 중 성공: 10개, 실패: 0개
[2025-09-29 03:57:39,662] INFO:   - '절연난연시스알루미늄마일라테이프차폐제어케이블(FW-CVV-AMSㆍI/C AMS)' 데이터 수집 완료 (총 1400개 규격)
[2025-09-29 03:57:39,662] INFO:   - 소분류 '절연난연시스알루미늄마일라테이프차폐제어케이블(FW-CVV-AMSㆍI/C AMS)' 데이터 처리 및 저장 시작
[2025-09-29 03:57:39,694] INFO: 📊 저장 시도: 1400개 데이터 → 'kpi_price_data' 테이블
[2025-09-29 03:57:39,702] INFO: ✅ 유효성 검증 완료: 1400개
[2025-09-29 03:57:39,702] INFO: 🔍 카테고리 처리: 전기자재 > 제어용케이블 > 절연난연시스알루미늄마일라테이프차폐제어케이블(FW-CVV-AMSㆍI/C AMS) (1400개)
[2025-09-29 03:57:39,702] INFO: 🔍 배치 중복 검사: 전체 소분류 데이터 조회 시작
[2025-09-29 03:57:40,204] INFO:     📅 날짜 범위 필터: 2020-01-01 ~ 2025-10-01
[2025-09-29 03:57:40,359] INFO: 📭 기존 데이터 없음: 전체 신규 데이터로 처리
[2025-09-29 03:57:40,360] INFO: 🔄 메모리 기반 중복 필터링 시작: 1400개 데이터 처리
[2025-09-29 03:57:40,361] INFO: ✅ 중복 필터링 완료:
[2025-09-29 03:57:40,361] INFO:     🗑️  중복 제거: 1260개
[2025-09-29 03:57:40,362] INFO:     ✨ 신규 데이터: 140개
[2025-09-29 03:57:40,891] INFO:     ✅ 청크 1: 140개 저장 완료
[2025-09-29 03:57:40,892] INFO:     📊 카테고리 저장 완료: 140개
[2025-09-29 03:57:40,892] INFO: 🎉 최적화된 배치 저장 완료: 총 140개 데이터
[2025-09-29 03:57:40,892] INFO: ✅ 저장 완료: 140개 데이터
[2025-09-29 03:57:40,893] INFO:   ✅ '절연난연시스알루미늄마일라테이프차폐제어케이블(FW-CVV-AMSㆍI/C AMS)' 완료: 1400개 데이터 → Supabase 저장 140개 성공
[2025-09-29 03:57:40,935] INFO:     페이지 닫기 완료: 절연난연시스알루미늄마일라테이프차폐제어케이블(FW-CVV-AMSㆍI/C AMS)
[2025-09-29 03:57:40,936] INFO:     중분류 '제어용케이블' 완료: 1/1개 성공, 0개 실패
[2025-09-29 03:57:40,936] INFO:     중분류 '제어용케이블' 완료: 1/1개 성공
[2025-09-29 03:57:40,937] INFO:   [SKIP] 타겟 중분류가 아님: '소방용케이블' 건너뜁니다.
[2025-09-29 03:57:40,937] INFO:   [SKIP] 타겟 중분류가 아님: '통신용케이블' 건너뜁니다.
[2025-09-29 03:57:40,937] INFO:   [SKIP] 타겟 중분류가 아님: '기타특수케이블' 건너뜁니다.
[2025-09-29 03:57:40,938] INFO:   [SKIP] 타겟 중분류가 아님: '전선원부자재' 건너뜁니다.
[2025-09-29 03:57:40,938] INFO:   [SKIP] 타겟 중분류가 아님: '전선관' 건너뜁니다.
[2025-09-29 03:57:40,938] INFO:   [SKIP] 타겟 중분류가 아님: '전선관로재' 건너뜁니다.
[2025-09-29 03:57:40,938] INFO:   [SKIP] 타겟 중분류가 아님: '전력기기' 건너뜁니다.
[2025-09-29 03:57:40,939] INFO:   [SKIP] 타겟 중분류가 아님: '배전기기' 건너뜁니다.
[2025-09-29 03:57:40,939] INFO:   [SKIP] 타겟 중분류가 아님: '절연재료' 건너뜁니다.
[2025-09-29 03:57:40,939] INFO:   [SKIP] 타겟 중분류가 아님: '수ㆍ배전반' 건너뜁니다.
[2025-09-29 03:57:40,940] INFO:   [SKIP] 타겟 중분류가 아님: '배전제어기기' 건너뜁니다.
[2025-09-29 03:57:40,940] INFO:   [SKIP] 타겟 중분류가 아님: '자동화기기' 건너뜁니다.
[2025-09-29 03:57:40,940] INFO:   [SKIP] 타겟 중분류가 아님: '계전기기' 건너뜁니다.
[2025-09-29 03:57:40,940] INFO:   [SKIP] 타겟 중분류가 아님: '접지ㆍ피뢰자재' 건너뜁니다.
[2025-09-29 03:57:40,941] INFO:   [SKIP] 타겟 중분류가 아님: '배선기구' 건너뜁니다.
[2025-09-29 03:57:40,941] INFO:   [SKIP] 타겟 중분류가 아님: '조명기구' 건너뜁니다.
[2025-09-29 03:57:40,941] INFO:   [SKIP] 타겟 중분류가 아님: '전등' 건너뜁니다.
[2025-09-29 03:57:40,941] INFO:   [SKIP] 타겟 중분류가 아님: '안정기' 건너뜁니다.
[2025-09-29 03:57:40,942] INFO:   [SKIP] 타겟 중분류가 아님: '전주' 건너뜁니다.
[2025-09-29 03:57:40,942] INFO:   [SKIP] 타겟 중분류가 아님: '가선철물' 건너뜁니다.
[2025-09-29 03:57:40,942] INFO:   [SKIP] 타겟 중분류가 아님: '교통신호장치' 건너뜁니다.
[2025-09-29 03:57:40,942] INFO:   [SKIP] 타겟 중분류가 아님: '전광게시물' 건너뜁니다.
[2025-09-29 03:57:40,942] INFO:   [SKIP] 타겟 중분류가 아님: '전지' 건너뜁니다.
[2025-09-29 03:57:40,943] INFO: 
=== 최종 배치 처리: 1개 소분류 ===

[2025-09-29 03:57:40,943] INFO: 
=== 배치 처리 시작: 1개 소분류 ===

[2025-09-29 03:57:40,943] INFO:   - 절연난연시스알루미늄마일라테이프차폐제어케이블(FW-CVV-AMSㆍI/C AMS): 처리할 데이터 없음 (원인 미상)
[2025-09-29 03:57:40,943] INFO: 
=== 배치 처리 완료: pandas 가공 0개, supabase 저장 0개 ===

[2025-09-29 03:57:40,944] INFO: 
🟢 === 크롤링 완료: 총 1개 소분류 처리됨 === 🟢

[2025-09-29 03:57:41,293] INFO: ✓ 🟢 sub_only 모드 크롤링 완료
